 line   address	contents
    1                      ; Linked by DLX-LD.
    2                      ; MemSize 24576
    3                      ; Data size: 1320
    4                      ; Text size: 5500
    5                      ; Stack size: 8192
    6  00000000          	.text 0x1000
    7  00001000          	.data 0x3000
    8                      ; Compiled by GCC
    9  00003000          	.text
   10  00001000          	.align 2
   11  00001000          	.proc _isspace
   12  00001000          	.global _isspace
   13  00001000          	_isspace:
   14                      ;  Function 'isspace'; 0 bytes of locals, 1 regs to save.
   15  00001000  afbefffc	sw	-4(r29),r30; push fp
   16  00001004  001df020	add	r30,r0,r29; fp = sp
   17  00001008  afbffff8	sw	-8(r29),r31; push ret addr
   18  0000100c  2fbd0010	subui	r29,r29,#16; alloc local storage
   19  00001010  afa20000	sw	0(r29),r2
   20  00001014  83c20003	lb	r2,3(r30)
   21  00001018  201f0000	addi	r31,r0,#0
   22  0000101c  304100ff	andi	r1,r2,#0x00ff
   23  00001020  60210020	seqi	r1,r1,#32
   24  00001024  14200018	bnez	r1,L6_LF0
   25  00001028  54000000	nop; not filled.
   26  0000102c  2041fff7	addi	r1,r2,#-9
   27  00001030  302100ff	andi	r1,r1,#0x00ff
   28  00001034  70210001	sleui	r1,r1,#1
   29  00001038  10200008	beqz	r1,L5_LF0
   30  0000103c  54000000	nop; not filled.
   31  00001040          	L6_LF0:
   32  00001040  201f0001	addi	r31,r0,#1
   33  00001044          	L5_LF0:
   34  00001044  001f0820	add	r1,r0,r31
   35  00001048  8fa20000	lw	r2,0(r29)
   36  0000104c  8fdffff8	lw	r31,-8(r30)
   37  00001050  001ee820	add	r29,r0,r30
   38  00001054  8fdefffc	lw	r30,-4(r30)
   39  00001058  4be00000	jr	r31
   40  0000105c  54000000	nop
   41  00001060          	.endproc _isspace
   42  00001060          	.align 2
   43  00001060          	.proc _isxdigit
   44  00001060          	.global _isxdigit
   45  00001060          	_isxdigit:
   46                      ;  Function 'isxdigit'; 0 bytes of locals, 1 regs to save.
   47  00001060  afbefffc	sw	-4(r29),r30; push fp
   48  00001064  001df020	add	r30,r0,r29; fp = sp
   49  00001068  afbffff8	sw	-8(r29),r31; push ret addr
   50  0000106c  2fbd0010	subui	r29,r29,#16; alloc local storage
   51  00001070  afa20000	sw	0(r29),r2
   52  00001074  83df0003	lb	r31,3(r30)
   53  00001078  20020000	addi	r2,r0,#0
   54  0000107c  23e1ffd0	addi	r1,r31,#-48
   55  00001080  302100ff	andi	r1,r1,#0x00ff
   56  00001084  70210009	sleui	r1,r1,#9
   57  00001088  14200028	bnez	r1,L12_LF0
   58  0000108c  54000000	nop; not filled.
   59  00001090  23e1ff9f	addi	r1,r31,#-97
   60  00001094  302100ff	andi	r1,r1,#0x00ff
   61  00001098  70210005	sleui	r1,r1,#5
   62  0000109c  14200014	bnez	r1,L12_LF0
   63  000010a0  54000000	nop; not filled.
   64  000010a4  33e100ff	andi	r1,r31,#0x00ff
   65  000010a8  64210041	snei	r1,r1,#65
   66  000010ac  14200008	bnez	r1,L11_LF0
   67  000010b0  54000000	nop; not filled.
   68  000010b4          	L12_LF0:
   69  000010b4  20020001	addi	r2,r0,#1
   70  000010b8          	L11_LF0:
   71  000010b8  00020820	add	r1,r0,r2
   72  000010bc  8fa20000	lw	r2,0(r29)
   73  000010c0  8fdffff8	lw	r31,-8(r30)
   74  000010c4  001ee820	add	r29,r0,r30
   75  000010c8  8fdefffc	lw	r30,-4(r30)
   76  000010cc  4be00000	jr	r31
   77  000010d0  54000000	nop
   78  000010d4          	.endproc _isxdigit
   79  000010d4          	.data
   80  00003000          	.align 2
   81  00003000          	LC0_LF0:
   82  00003000  55736167	.ascii "Usage: %s <test case index>\n\000"
   82  00003004  653a2025	
   82  00003008  73203c74	
   82  0000300c  65737420	
   82  00003010  63617365	
   82  00003014  20696e64	
   82  00003018  65783e0a	
   82  0000301c  00      	
   83  0000301d          	.align 2
   84  00003020          	LC1_LF0:
   85  00003020  496e6465	.ascii "Index options: 0: Hello World\n\000"
   85  00003024  78206f70	
   85  00003028  74696f6e	
   85  0000302c  733a2030	
   85  00003030  3a204865	
   85  00003034  6c6c6f20	
   85  00003038  576f726c	
   85  0000303c  640a00  	
   86  0000303f          	.align 2
   87  00003040          	LC2_LF0:
   88  00003040  20202020	.ascii "               1: Beyond max virtual address\n\000"
   88  00003044  20202020	
   88  00003048  20202020	
   88  0000304c  20202031	
   88  00003050  3a204265	
   88  00003054  796f6e64	
   88  00003058  206d6178	
   88  0000305c  20766972	
   88  00003060  7475616c	
   88  00003064  20616464	
   88  00003068  72657373	
   88  0000306c  0a00    	
   89  0000306e          	.align 2
   90  00003070          	LC3_LF0:
   91  00003070  20202020	.ascii "               2: Beyond allocated pages\n\000"
   91  00003074  20202020	
   91  00003078  20202020	
   91  0000307c  20202032	
   91  00003080  3a204265	
   91  00003084  796f6e64	
   91  00003088  20616c6c	
   91  0000308c  6f636174	
   91  00003090  65642070	
   91  00003094  61676573	
   91  00003098  0a00    	
   92  0000309a          	.align 2
   93  0000309c          	LC4_LF0:
   94  0000309c  20202020	.ascii "               3: Grow user stack to more than 1 page\n\000"
   94  000030a0  20202020	
   94  000030a4  20202020	
   94  000030a8  20202033	
   94  000030ac  3a204772	
   94  000030b0  6f772075	
   94  000030b4  73657220	
   94  000030b8  73746163	
   94  000030bc  6b20746f	
   94  000030c0  206d6f72	
   94  000030c4  65207468	
   94  000030c8  616e2031	
   94  000030cc  20706167	
   94  000030d0  650a00  	
   95  000030d3          	.align 2
   96  000030d4          	LC5_LF0:
   97  000030d4  20202020	.ascii "               4: Create 100 processes sequentially to print Hello Wor"
   97  000030d8  20202020	
   97  000030dc  20202020	
   97  000030e0  20202034	
   97  000030e4  3a204372	
   97  000030e8  65617465	
   97  000030ec  20313030	
   97  000030f0  2070726f	
   97  000030f4  63657373	
   97  000030f8  65732073	
   97  000030fc  65717565	
   97  00003100  6e746961	
   97  00003104  6c6c7920	
   97  00003108  746f2070	
   97  0000310c  72696e74	
   97  00003110  2048656c	
   97  00003114  6c6f2057	
   97  00003118  6f72    	
   98  0000311a  6c640a00	.ascii "ld\n\000"
   99  0000311e          	.align 2
  100  00003120          	LC6_LF0:
  101  00003120  20202020	.ascii "               5: Spawn 30 processes to run in parallel\n\000"
  101  00003124  20202020	
  101  00003128  20202020	
  101  0000312c  20202035	
  101  00003130  3a205370	
  101  00003134  61776e20	
  101  00003138  33302070	
  101  0000313c  726f6365	
  101  00003140  73736573	
  101  00003144  20746f20	
  101  00003148  72756e20	
  101  0000314c  696e2070	
  101  00003150  6172616c	
  101  00003154  6c656c0a	
  101  00003158  00      	
  102  00003159          	.align 2
  103  0000315c          	LC7_LF0:
  104  0000315c  6d616b65	.ascii "makeprocs (%d): Creating test case processes: %d\n\000"
  104  00003160  70726f63	
  104  00003164  73202825	
  104  00003168  64293a20	
  104  0000316c  43726561	
  104  00003170  74696e67	
  104  00003174  20746573	
  104  00003178  74206361	
  104  0000317c  73652070	
  104  00003180  726f6365	
  104  00003184  73736573	
  104  00003188  3a202564	
  104  0000318c  0a00    	
  105  0000318e          	.align 2
  106  00003190          	LC8_LF0:
  107  00003190  6d616b65	.ascii "makeprocs (%d): Bad sem_create\n\000"
  107  00003194  70726f63	
  107  00003198  73202825	
  107  0000319c  64293a20	
  107  000031a0  42616420	
  107  000031a4  73656d5f	
  107  000031a8  63726561	
  107  000031ac  74650a00	
  108  000031b0          	.align 2
  109  000031b0          	LC9_LF0:
  110  000031b0  2d2d2d2d	.ascii "----------------------------------------------------------------------"
  110  000031b4  2d2d2d2d	
  110  000031b8  2d2d2d2d	
  110  000031bc  2d2d2d2d	
  110  000031c0  2d2d2d2d	
  110  000031c4  2d2d2d2d	
  110  000031c8  2d2d2d2d	
  110  000031cc  2d2d2d2d	
  110  000031d0  2d2d2d2d	
  110  000031d4  2d2d2d2d	
  110  000031d8  2d2d2d2d	
  110  000031dc  2d2d2d2d	
  110  000031e0  2d2d2d2d	
  110  000031e4  2d2d2d2d	
  110  000031e8  2d2d2d2d	
  110  000031ec  2d2d2d2d	
  110  000031f0  2d2d2d2d	
  110  000031f4  2d2d    	
  111  000031f6  2d2d2d2d	.ascii "---------------\n\000"
  111  000031fa  2d2d2d2d	
  111  000031fe  2d2d2d2d	
  111  00003202  2d2d2d0a	
  111  00003206  00      	
  112  00003207          	.align 2
  113  00003208          	LC10_LF0:
  114  00003208  6d616b65	.ascii "makeprocs (%d): Creating hello world process\n\000"
  114  0000320c  70726f63	
  114  00003210  73202825	
  114  00003214  64293a20	
  114  00003218  43726561	
  114  0000321c  74696e67	
  114  00003220  2068656c	
  114  00003224  6c6f2077	
  114  00003228  6f726c64	
  114  0000322c  2070726f	
  114  00003230  63657373	
  114  00003234  0a00    	
  115  00003236          	.align 2
  116  00003238          	LC11_LF0:
  117  00003238  68656c6c	.ascii "hello_world.dlx.obj\000"
  117  0000323c  6f5f776f	
  117  00003240  726c642e	
  117  00003244  646c782e	
  117  00003248  6f626a00	
  118  0000324c          	.align 2
  119  0000324c          	LC12_LF0:
  120  0000324c  6d616b65	.ascii "makeprocs (%d): Creating process which will access beyond max virtual "
  120  00003250  70726f63	
  120  00003254  73202825	
  120  00003258  64293a20	
  120  0000325c  43726561	
  120  00003260  74696e67	
  120  00003264  2070726f	
  120  00003268  63657373	
  120  0000326c  20776869	
  120  00003270  63682077	
  120  00003274  696c6c20	
  120  00003278  61636365	
  120  0000327c  73732062	
  120  00003280  65796f6e	
  120  00003284  64206d61	
  120  00003288  78207669	
  120  0000328c  72747561	
  120  00003290  6c20    	
  121  00003292  61646472	.ascii "address\n\000"
  121  00003296  6573730a	
  121  0000329a  00      	
  122  0000329b          	.align 2
  123  0000329c          	LC13_LF0:
  124  0000329c  6265796f	.ascii "beyond_max.dlx.obj\000"
  124  000032a0  6e645f6d	
  124  000032a4  61782e64	
  124  000032a8  6c782e6f	
  124  000032ac  626a00  	
  125  000032af          	.align 2
  126  000032b0          	LC14_LF0:
  127  000032b0  6d616b65	.ascii "makeprocs (%d): Creating process which will access beyond allocated pa"
  127  000032b4  70726f63	
  127  000032b8  73202825	
  127  000032bc  64293a20	
  127  000032c0  43726561	
  127  000032c4  74696e67	
  127  000032c8  2070726f	
  127  000032cc  63657373	
  127  000032d0  20776869	
  127  000032d4  63682077	
  127  000032d8  696c6c20	
  127  000032dc  61636365	
  127  000032e0  73732062	
  127  000032e4  65796f6e	
  127  000032e8  6420616c	
  127  000032ec  6c6f6361	
  127  000032f0  74656420	
  127  000032f4  7061    	
  128  000032f6  6765730a	.ascii "ges\n\000"
  128  000032fa  00      	
  129  000032fb          	.align 2
  130  000032fc          	LC15_LF0:
  131  000032fc  6265796f	.ascii "beyond_allocated.dlx.obj\000"
  131  00003300  6e645f61	
  131  00003304  6c6c6f63	
  131  00003308  61746564	
  131  0000330c  2e646c78	
  131  00003310  2e6f626a	
  131  00003314  00      	
  132  00003315          	.align 2
  133  00003318          	LC16_LF0:
  134  00003318  6d616b65	.ascii "makeprocs (%d): Creating process which will grow user stack to more th"
  134  0000331c  70726f63	
  134  00003320  73202825	
  134  00003324  64293a20	
  134  00003328  43726561	
  134  0000332c  74696e67	
  134  00003330  2070726f	
  134  00003334  63657373	
  134  00003338  20776869	
  134  0000333c  63682077	
  134  00003340  696c6c20	
  134  00003344  67726f77	
  134  00003348  20757365	
  134  0000334c  72207374	
  134  00003350  61636b20	
  134  00003354  746f206d	
  134  00003358  6f726520	
  134  0000335c  7468    	
  135  0000335e  616e2031	.ascii "an 1 page\n\000"
  135  00003362  20706167	
  135  00003366  650a00  	
  136  00003369          	.align 2
  137  0000336c          	LC17_LF0:
  138  0000336c  67726f77	.ascii "grow_stack.dlx.obj\000"
  138  00003370  5f737461	
  138  00003374  636b2e64	
  138  00003378  6c782e6f	
  138  0000337c  626a00  	
  139  0000337f          	.align 2
  140  00003380          	LC18_LF0:
  141  00003380  6d616b65	.ascii "makeprocs (%d): Creating process which will create 100 hello world pro"
  141  00003384  70726f63	
  141  00003388  73202825	
  141  0000338c  64293a20	
  141  00003390  43726561	
  141  00003394  74696e67	
  141  00003398  2070726f	
  141  0000339c  63657373	
  141  000033a0  20776869	
  141  000033a4  63682077	
  141  000033a8  696c6c20	
  141  000033ac  63726561	
  141  000033b0  74652031	
  141  000033b4  30302068	
  141  000033b8  656c6c6f	
  141  000033bc  20776f72	
  141  000033c0  6c642070	
  141  000033c4  726f    	
  142  000033c6  63657373	.ascii "cesses sequentially\n\000"
  142  000033ca  65732073	
  142  000033ce  65717565	
  142  000033d2  6e746961	
  142  000033d6  6c6c790a	
  142  000033da  00      	
  143  000033db          	.align 2
  144  000033dc          	LC19_LF0:
  145  000033dc  6d616b65	.ascii "makeprocs (%d): Creating hello world #%d\n\000"
  145  000033e0  70726f63	
  145  000033e4  73202825	
  145  000033e8  64293a20	
  145  000033ec  43726561	
  145  000033f0  74696e67	
  145  000033f4  2068656c	
  145  000033f8  6c6f2077	
  145  000033fc  6f726c64	
  145  00003400  20232564	
  145  00003404  0a00    	
  146  00003406          	.align 2
  147  00003408          	LC20_LF0:
  148  00003408  42616420	.ascii "Bad semaphore s_procs_completed (%d) in %s\n\000"
  148  0000340c  73656d61	
  148  00003410  70686f72	
  148  00003414  6520735f	
  148  00003418  70726f63	
  148  0000341c  735f636f	
  148  00003420  6d706c65	
  148  00003424  74656420	
  148  00003428  28256429	
  148  0000342c  20696e20	
  148  00003430  25730a00	
  149  00003434          	.align 2
  150  00003434          	LC21_LF0:
  151  00003434  6d616b65	.ascii "makeprocs (%d): Creating process which will spawn 30 processes to run "
  151  00003438  70726f63	
  151  0000343c  73202825	
  151  00003440  64293a20	
  151  00003444  43726561	
  151  00003448  74696e67	
  151  0000344c  2070726f	
  151  00003450  63657373	
  151  00003454  20776869	
  151  00003458  63682077	
  151  0000345c  696c6c20	
  151  00003460  73706177	
  151  00003464  6e203330	
  151  00003468  2070726f	
  151  0000346c  63657373	
  151  00003470  65732074	
  151  00003474  6f207275	
  151  00003478  6e20    	
  152  0000347a  696e2070	.ascii "in parallel\n\000"
  152  0000347e  6172616c	
  152  00003482  6c656c0a	
  152  00003486  00      	
  153  00003487          	.align 2
  154  00003488          	LC22_LF0:
  155  00003488  70726f63	.ascii "process_spawn.dlx.obj\000"
  155  0000348c  6573735f	
  155  00003490  73706177	
  155  00003494  6e2e646c	
  155  00003498  782e6f62	
  155  0000349c  6a00    	
  156  0000349e          	.align 2
  157  000034a0          	LC23_LF0:
  158  000034a0  5b455252	.ascii "[ERROR] Test index is out-of-boundary\n\000"
  158  000034a4  4f525d20	
  158  000034a8  54657374	
  158  000034ac  20696e64	
  158  000034b0  65782069	
  158  000034b4  73206f75	
  158  000034b8  742d6f66	
  158  000034bc  2d626f75	
  158  000034c0  6e646172	
  158  000034c4  790a00  	
  159  000034c7          	.align 2
  160  000034c8          	LC24_LF0:
  161  000034c8  6d616b65	.ascii "makeprocs (%d): All other processes completed, exiting main process.\n"
  161  000034cc  70726f63	
  161  000034d0  73202825	
  161  000034d4  64293a20	
  161  000034d8  416c6c20	
  161  000034dc  6f746865	
  161  000034e0  72207072	
  161  000034e4  6f636573	
  161  000034e8  73657320	
  161  000034ec  636f6d70	
  161  000034f0  6c657465	
  161  000034f4  642c2065	
  161  000034f8  78697469	
  161  000034fc  6e67206d	
  161  00003500  61696e20	
  161  00003504  70726f63	
  161  00003508  6573732e	
  161  0000350c  0a      	
  162  0000350d  00      	.ascii "\000"
  163  0000350e          	.text
  164  000010d4          	.align 2
  165  000010d4          	.proc _main
  166  000010d4          	.global _main
  167  000010d4          	_main:
  168                      ;  Function 'main'; 72 bytes of locals, 0 regs to save.
  169  000010d4  afbefffc	sw	-4(r29),r30; push fp
  170  000010d8  001df020	add	r30,r0,r29; fp = sp
  171  000010dc  afbffff8	sw	-8(r29),r31; push ret addr
  172  000010e0  2fbd0050	subui	r29,r29,#80; alloc local storage
  173  000010e4  8fc20000	lw	r2,(r30)
  174  000010e8  8fc60004	lw	r6,4(r30)
  175  000010ec  0c001484	jal	___main
  176  000010f0  54000000	nop; not filled.
  177  000010f4  20050001	addi	r5,r0,#1
  178  000010f8  64410002	snei	r1,r2,#2
  179  000010fc  102000a8	beqz	r1,L14_LF0
  180  00001100  54000000	nop; not filled.
  181  00001104  23bdfff8	addi	r29,r29,#-8
  182  00001108  3c070000	lhi	r7,((LC0_LF0)>>16)&0xffff
  183  0000110c  24e73000	addui	r7,r7,(LC0_LF0)&0xffff
  184  00001110  afa70000	sw	(r29),r7
  185  00001114  8cc10000	lw	r1,(r6)
  186  00001118  afa10004	sw	4(r29),r1
  187  0000111c  0c000594	jal	_Printf
  188  00001120  54000000	nop; not filled.
  189  00001124  3c070000	lhi	r7,((LC1_LF0)>>16)&0xffff
  190  00001128  24e73020	addui	r7,r7,(LC1_LF0)&0xffff
  191  0000112c  afa70000	sw	(r29),r7
  192  00001130  0c000580	jal	_Printf
  193  00001134  54000000	nop; not filled.
  194  00001138  3c070000	lhi	r7,((LC2_LF0)>>16)&0xffff
  195  0000113c  24e73040	addui	r7,r7,(LC2_LF0)&0xffff
  196  00001140  afa70000	sw	(r29),r7
  197  00001144  0c00056c	jal	_Printf
  198  00001148  54000000	nop; not filled.
  199  0000114c  3c070000	lhi	r7,((LC3_LF0)>>16)&0xffff
  200  00001150  24e73070	addui	r7,r7,(LC3_LF0)&0xffff
  201  00001154  afa70000	sw	(r29),r7
  202  00001158  0c000558	jal	_Printf
  203  0000115c  54000000	nop; not filled.
  204  00001160  3c070000	lhi	r7,((LC4_LF0)>>16)&0xffff
  205  00001164  24e7309c	addui	r7,r7,(LC4_LF0)&0xffff
  206  00001168  afa70000	sw	(r29),r7
  207  0000116c  0c000544	jal	_Printf
  208  00001170  54000000	nop; not filled.
  209  00001174  3c070000	lhi	r7,((LC5_LF0)>>16)&0xffff
  210  00001178  24e730d4	addui	r7,r7,(LC5_LF0)&0xffff
  211  0000117c  afa70000	sw	(r29),r7
  212  00001180  0c000530	jal	_Printf
  213  00001184  54000000	nop; not filled.
  214  00001188  3c070000	lhi	r7,((LC6_LF0)>>16)&0xffff
  215  0000118c  24e73120	addui	r7,r7,(LC6_LF0)&0xffff
  216  00001190  afa70000	sw	(r29),r7
  217  00001194  0c00051c	jal	_Printf
  218  00001198  54000000	nop; not filled.
  219  0000119c  0c00061c	jal	_Exit
  220  000011a0  54000000	nop; not filled.
  221  000011a4  23bd0008	addi	r29,r29,#8
  222  000011a8          	L14_LF0:
  223  000011a8  23bdfff0	addi	r29,r29,#-16
  224  000011ac  8cc70004	lw	r7,4(r6)
  225  000011b0  afa70000	sw	(r29),r7
  226  000011b4  20070000	addi	r7,r0,#0
  227  000011b8  afa70004	sw	4(r29),r7
  228  000011bc  2007000a	addi	r7,r0,#10
  229  000011c0  afa70008	sw	8(r29),r7
  230  000011c4  0c000eb0	jal	_dstrtol
  231  000011c8  54000000	nop; not filled.
  232  000011cc  00011020	add	r2,r0,r1
  233  000011d0  0c0004ec	jal	_getpid
  234  000011d4  54000000	nop; not filled.
  235  000011d8  3c070000	lhi	r7,((LC7_LF0)>>16)&0xffff
  236  000011dc  24e7315c	addui	r7,r7,(LC7_LF0)&0xffff
  237  000011e0  afa70000	sw	(r29),r7
  238  000011e4  afa10004	sw	4(r29),r1
  239  000011e8  afa20008	sw	8(r29),r2
  240  000011ec  0c0004c4	jal	_Printf
  241  000011f0  54000000	nop; not filled.
  242  000011f4  23bd0010	addi	r29,r29,#16
  243  000011f8  60410005	seqi	r1,r2,#5
  244  000011fc  10200008	beqz	r1,L15_LF0
  245  00001200  54000000	nop; not filled.
  246  00001204  2005001e	addi	r5,r0,#30
  247  00001208          	L15_LF0:
  248  00001208  23bdfff8	addi	r29,r29,#-8
  249  0000120c  20010001	addi	r1,r0,#1
  250  00001210  00250822	sub	r1,r1,r5
  251  00001214  afa10000	sw	(r29),r1
  252  00001218  0c0004d4	jal	_sem_create
  253  0000121c  54000000	nop; not filled.
  254  00001220  00012020	add	r4,r0,r1
  255  00001224  23bd0008	addi	r29,r29,#8
  256  00001228  6081ffff	seqi	r1,r4,#-1
  257  0000122c  10200034	beqz	r1,L16_LF0
  258  00001230  54000000	nop; not filled.
  259  00001234  0c000488	jal	_getpid
  260  00001238  54000000	nop; not filled.
  261  0000123c  23bdfff8	addi	r29,r29,#-8
  262  00001240  3c070000	lhi	r7,((LC8_LF0)>>16)&0xffff
  263  00001244  24e73190	addui	r7,r7,(LC8_LF0)&0xffff
  264  00001248  afa70000	sw	(r29),r7
  265  0000124c  afa10004	sw	4(r29),r1
  266  00001250  0c000460	jal	_Printf
  267  00001254  54000000	nop; not filled.
  268  00001258  0c000560	jal	_Exit
  269  0000125c  54000000	nop; not filled.
  270  00001260  23bd0008	addi	r29,r29,#8
  271  00001264          	L16_LF0:
  272  00001264  23bdfff8	addi	r29,r29,#-8
  273  00001268  afa40000	sw	(r29),r4
  274  0000126c  23c1ffe8	addi	r1,r30,#-24
  275  00001270  afa10004	sw	4(r29),r1
  276  00001274  0c000c74	jal	_ditoa
  277  00001278  54000000	nop; not filled.
  278  0000127c  3c030000	lhi	r3,((LC9_LF0)>>16)&0xffff
  279  00001280  246331b0	addui	r3,r3,(LC9_LF0)&0xffff
  280  00001284  afa30000	sw	(r29),r3
  281  00001288  0c000428	jal	_Printf
  282  0000128c  54000000	nop; not filled.
  283  00001290  23bd0008	addi	r29,r29,#8
  284  00001294  6c410005	sgtui	r1,r2,#5
  285  00001298  1420028c	bnez	r1,L37_LF0
  286  0000129c  54000000	nop; not filled.
  287  000012a0  50410002	slli	r1,r2,#0x2
  288  000012a4  3c070000	lhi	r7,((L38_LF0)>>16)&0xffff
  289  000012a8  24e73510	addui	r7,r7,(L38_LF0)&0xffff
  290  000012ac  00270820	add	r1,r1,r7
  291  000012b0  8c210000	lw	r1,(r1)
  292  000012b4  48200000	jr	r1
  293  000012b8  54000000	nop; not filled.
  294  000012bc          	.data
  295  0000350e          	.align 2
  296  00003510          	L38_LF0:
  297  00003510  000012bc	.word L18_LF0
  298  00003514  000012f4	.word L19_LF0
  299  00003518  0000132c	.word L20_LF0
  300  0000351c  00001364	.word L21_LF0
  301  00003520  000013bc	.word L22_LF0
  302  00003524  000014ac	.word L31_LF0
  303  00003528          	.text
  304  000012bc          	L18_LF0:
  305  000012bc  0c000400	jal	_getpid
  306  000012c0  54000000	nop; not filled.
  307  000012c4  23bdfff8	addi	r29,r29,#-8
  308  000012c8  3c070000	lhi	r7,((LC10_LF0)>>16)&0xffff
  309  000012cc  24e73208	addui	r7,r7,(LC10_LF0)&0xffff
  310  000012d0  afa70000	sw	(r29),r7
  311  000012d4  afa10004	sw	4(r29),r1
  312  000012d8  0c0003d8	jal	_Printf
  313  000012dc  54000000	nop; not filled.
  314  000012e0  23bdfff8	addi	r29,r29,#-8
  315  000012e4  3c070000	lhi	r7,((LC11_LF0)>>16)&0xffff
  316  000012e8  24e73238	addui	r7,r7,(LC11_LF0)&0xffff
  317  000012ec  080000a4	j	L40_LF0
  318  000012f0  54000000	nop; not filled.
  319  000012f4          	L19_LF0:
  320  000012f4  0c0003c8	jal	_getpid
  321  000012f8  54000000	nop; not filled.
  322  000012fc  23bdfff8	addi	r29,r29,#-8
  323  00001300  3c070000	lhi	r7,((LC12_LF0)>>16)&0xffff
  324  00001304  24e7324c	addui	r7,r7,(LC12_LF0)&0xffff
  325  00001308  afa70000	sw	(r29),r7
  326  0000130c  afa10004	sw	4(r29),r1
  327  00001310  0c0003a0	jal	_Printf
  328  00001314  54000000	nop; not filled.
  329  00001318  23bdfff8	addi	r29,r29,#-8
  330  0000131c  3c070000	lhi	r7,((LC13_LF0)>>16)&0xffff
  331  00001320  24e7329c	addui	r7,r7,(LC13_LF0)&0xffff
  332  00001324  0800006c	j	L40_LF0
  333  00001328  54000000	nop; not filled.
  334  0000132c          	L20_LF0:
  335  0000132c  0c000390	jal	_getpid
  336  00001330  54000000	nop; not filled.
  337  00001334  23bdfff8	addi	r29,r29,#-8
  338  00001338  3c070000	lhi	r7,((LC14_LF0)>>16)&0xffff
  339  0000133c  24e732b0	addui	r7,r7,(LC14_LF0)&0xffff
  340  00001340  afa70000	sw	(r29),r7
  341  00001344  afa10004	sw	4(r29),r1
  342  00001348  0c000368	jal	_Printf
  343  0000134c  54000000	nop; not filled.
  344  00001350  23bdfff8	addi	r29,r29,#-8
  345  00001354  3c070000	lhi	r7,((LC15_LF0)>>16)&0xffff
  346  00001358  24e732fc	addui	r7,r7,(LC15_LF0)&0xffff
  347  0000135c  08000034	j	L40_LF0
  348  00001360  54000000	nop; not filled.
  349  00001364          	L21_LF0:
  350  00001364  0c000358	jal	_getpid
  351  00001368  54000000	nop; not filled.
  352  0000136c  23bdfff8	addi	r29,r29,#-8
  353  00001370  3c070000	lhi	r7,((LC16_LF0)>>16)&0xffff
  354  00001374  24e73318	addui	r7,r7,(LC16_LF0)&0xffff
  355  00001378  afa70000	sw	(r29),r7
  356  0000137c  afa10004	sw	4(r29),r1
  357  00001380  0c000330	jal	_Printf
  358  00001384  54000000	nop; not filled.
  359  00001388  23bdfff8	addi	r29,r29,#-8
  360  0000138c  3c070000	lhi	r7,((LC17_LF0)>>16)&0xffff
  361  00001390  24e7336c	addui	r7,r7,(LC17_LF0)&0xffff
  362  00001394          	L40_LF0:
  363  00001394  afa70000	sw	(r29),r7
  364  00001398  23c1ffe8	addi	r1,r30,#-24
  365  0000139c  afa10004	sw	4(r29),r1
  366  000013a0  20070000	addi	r7,r0,#0
  367  000013a4  afa70008	sw	8(r29),r7
  368  000013a8  0c000320	jal	_process_create
  369  000013ac  54000000	nop; not filled.
  370  000013b0  23bd0010	addi	r29,r29,#16
  371  000013b4  08000220	j	L17_LF0
  372  000013b8  54000000	nop; not filled.
  373  000013bc          	L22_LF0:
  374  000013bc  0c000300	jal	_getpid
  375  000013c0  54000000	nop; not filled.
  376  000013c4  23bdfff8	addi	r29,r29,#-8
  377  000013c8  3c070000	lhi	r7,((LC18_LF0)>>16)&0xffff
  378  000013cc  24e73380	addui	r7,r7,(LC18_LF0)&0xffff
  379  000013d0  afa70000	sw	(r29),r7
  380  000013d4  afa10004	sw	4(r29),r1
  381  000013d8  0c0002d8	jal	_Printf
  382  000013dc  54000000	nop; not filled.
  383  000013e0  20020000	addi	r2,r0,#0
  384  000013e4  23bd0008	addi	r29,r29,#8
  385  000013e8  23c3ffe8	addi	r3,r30,#-24
  386  000013ec          	L26_LF0:
  387  000013ec  0c0002d0	jal	_getpid
  388  000013f0  54000000	nop; not filled.
  389  000013f4  23bdfff0	addi	r29,r29,#-16
  390  000013f8  3c070000	lhi	r7,((LC19_LF0)>>16)&0xffff
  391  000013fc  24e733dc	addui	r7,r7,(LC19_LF0)&0xffff
  392  00001400  afa70000	sw	(r29),r7
  393  00001404  afa10004	sw	4(r29),r1
  394  00001408  afa20008	sw	8(r29),r2
  395  0000140c  0c0002a4	jal	_Printf
  396  00001410  54000000	nop; not filled.
  397  00001414  3c070000	lhi	r7,((LC11_LF0)>>16)&0xffff
  398  00001418  24e73238	addui	r7,r7,(LC11_LF0)&0xffff
  399  0000141c  afa70000	sw	(r29),r7
  400  00001420  afa30004	sw	4(r29),r3
  401  00001424  20070000	addi	r7,r0,#0
  402  00001428  afa70008	sw	8(r29),r7
  403  0000142c  0c00029c	jal	_process_create
  404  00001430  54000000	nop; not filled.
  405  00001434  23bd0010	addi	r29,r29,#16
  406  00001438  60410063	seqi	r1,r2,#99
  407  0000143c  14200198	bnez	r1,L17_LF0
  408  00001440  54000000	nop; not filled.
  409  00001444  23bdfff8	addi	r29,r29,#-8
  410  00001448  afa40000	sw	(r29),r4
  411  0000144c  0c0002ac	jal	_sem_wait
  412  00001450  54000000	nop; not filled.
  413  00001454  23bd0008	addi	r29,r29,#8
  414  00001458  64210001	snei	r1,r1,#1
  415  0000145c  10200034	beqz	r1,L25_LF0
  416  00001460  54000000	nop; not filled.
  417  00001464  23bdfff0	addi	r29,r29,#-16
  418  00001468  3c070000	lhi	r7,((LC20_LF0)>>16)&0xffff
  419  0000146c  24e73408	addui	r7,r7,(LC20_LF0)&0xffff
  420  00001470  afa70000	sw	(r29),r7
  421  00001474  afa40004	sw	4(r29),r4
  422  00001478  8cc70000	lw	r7,(r6)
  423  0000147c  afa70008	sw	8(r29),r7
  424  00001480  0c000230	jal	_Printf
  425  00001484  54000000	nop; not filled.
  426  00001488  0c000330	jal	_Exit
  427  0000148c  54000000	nop; not filled.
  428  00001490  23bd0010	addi	r29,r29,#16
  429  00001494          	L25_LF0:
  430  00001494  20420001	addi	r2,r2,#1
  431  00001498  70410063	slei	r1,r2,#99
  432  0000149c  10200138	beqz	r1,L17_LF0
  433  000014a0  54000000	nop; not filled.
  434  000014a4  0bffff44	j	L26_LF0
  435  000014a8  54000000	nop; not filled.
  436  000014ac          	L31_LF0:
  437  000014ac  0c000210	jal	_getpid
  438  000014b0  54000000	nop; not filled.
  439  000014b4  23bdfff8	addi	r29,r29,#-8
  440  000014b8  3c070000	lhi	r7,((LC21_LF0)>>16)&0xffff
  441  000014bc  24e73434	addui	r7,r7,(LC21_LF0)&0xffff
  442  000014c0  afa70000	sw	(r29),r7
  443  000014c4  afa10004	sw	4(r29),r1
  444  000014c8  0c0001e8	jal	_Printf
  445  000014cc  54000000	nop; not filled.
  446  000014d0  20020000	addi	r2,r0,#0
  447  000014d4  23bd0008	addi	r29,r29,#8
  448  000014d8  0045082a	slt	r1,r2,r5
  449  000014dc  102000f8	beqz	r1,L17_LF0
  450  000014e0  54000000	nop; not filled.
  451  000014e4  23c3ffe8	addi	r3,r30,#-24
  452  000014e8          	L35_LF0:
  453  000014e8  23bdfff0	addi	r29,r29,#-16
  454  000014ec  3c070000	lhi	r7,((LC22_LF0)>>16)&0xffff
  455  000014f0  24e73488	addui	r7,r7,(LC22_LF0)&0xffff
  456  000014f4  afa70000	sw	(r29),r7
  457  000014f8  afa30004	sw	4(r29),r3
  458  000014fc  20070000	addi	r7,r0,#0
  459  00001500  afa70008	sw	8(r29),r7
  460  00001504  0c0001c4	jal	_process_create
  461  00001508  54000000	nop; not filled.
  462  0000150c  23bd0010	addi	r29,r29,#16
  463  00001510  20420001	addi	r2,r2,#1
  464  00001514  0045082a	slt	r1,r2,r5
  465  00001518  102000bc	beqz	r1,L17_LF0
  466  0000151c  54000000	nop; not filled.
  467  00001520  0bffffc4	j	L35_LF0
  468  00001524  54000000	nop; not filled.
  469  00001528          	L37_LF0:
  470  00001528  23bdfff8	addi	r29,r29,#-8
  471  0000152c  3c070000	lhi	r7,((LC23_LF0)>>16)&0xffff
  472  00001530  24e734a0	addui	r7,r7,(LC23_LF0)&0xffff
  473  00001534  afa70000	sw	(r29),r7
  474  00001538  8cc10000	lw	r1,(r6)
  475  0000153c  afa10004	sw	4(r29),r1
  476  00001540  0c000170	jal	_Printf
  477  00001544  54000000	nop; not filled.
  478  00001548  3c070000	lhi	r7,((LC1_LF0)>>16)&0xffff
  479  0000154c  24e73020	addui	r7,r7,(LC1_LF0)&0xffff
  480  00001550  afa70000	sw	(r29),r7
  481  00001554  0c00015c	jal	_Printf
  482  00001558  54000000	nop; not filled.
  483  0000155c  3c070000	lhi	r7,((LC2_LF0)>>16)&0xffff
  484  00001560  24e73040	addui	r7,r7,(LC2_LF0)&0xffff
  485  00001564  afa70000	sw	(r29),r7
  486  00001568  0c000148	jal	_Printf
  487  0000156c  54000000	nop; not filled.
  488  00001570  3c070000	lhi	r7,((LC3_LF0)>>16)&0xffff
  489  00001574  24e73070	addui	r7,r7,(LC3_LF0)&0xffff
  490  00001578  afa70000	sw	(r29),r7
  491  0000157c  0c000134	jal	_Printf
  492  00001580  54000000	nop; not filled.
  493  00001584  3c070000	lhi	r7,((LC4_LF0)>>16)&0xffff
  494  00001588  24e7309c	addui	r7,r7,(LC4_LF0)&0xffff
  495  0000158c  afa70000	sw	(r29),r7
  496  00001590  0c000120	jal	_Printf
  497  00001594  54000000	nop; not filled.
  498  00001598  3c070000	lhi	r7,((LC5_LF0)>>16)&0xffff
  499  0000159c  24e730d4	addui	r7,r7,(LC5_LF0)&0xffff
  500  000015a0  afa70000	sw	(r29),r7
  501  000015a4  0c00010c	jal	_Printf
  502  000015a8  54000000	nop; not filled.
  503  000015ac  3c070000	lhi	r7,((LC6_LF0)>>16)&0xffff
  504  000015b0  24e73120	addui	r7,r7,(LC6_LF0)&0xffff
  505  000015b4  afa70000	sw	(r29),r7
  506  000015b8  0c0000f8	jal	_Printf
  507  000015bc  54000000	nop; not filled.
  508  000015c0  afa30000	sw	(r29),r3
  509  000015c4  0c0000ec	jal	_Printf
  510  000015c8  54000000	nop; not filled.
  511  000015cc  0c0001ec	jal	_Exit
  512  000015d0  54000000	nop; not filled.
  513  000015d4  23bd0008	addi	r29,r29,#8
  514  000015d8          	L17_LF0:
  515  000015d8  23bdfff8	addi	r29,r29,#-8
  516  000015dc  afa40000	sw	(r29),r4
  517  000015e0  0c000118	jal	_sem_wait
  518  000015e4  54000000	nop; not filled.
  519  000015e8  23bd0008	addi	r29,r29,#8
  520  000015ec  64210001	snei	r1,r1,#1
  521  000015f0  10200034	beqz	r1,L39_LF0
  522  000015f4  54000000	nop; not filled.
  523  000015f8  23bdfff0	addi	r29,r29,#-16
  524  000015fc  3c070000	lhi	r7,((LC20_LF0)>>16)&0xffff
  525  00001600  24e73408	addui	r7,r7,(LC20_LF0)&0xffff
  526  00001604  afa70000	sw	(r29),r7
  527  00001608  afa40004	sw	4(r29),r4
  528  0000160c  8cc60000	lw	r6,(r6)
  529  00001610  afa60008	sw	8(r29),r6
  530  00001614  0c00009c	jal	_Printf
  531  00001618  54000000	nop; not filled.
  532  0000161c  0c00019c	jal	_Exit
  533  00001620  54000000	nop; not filled.
  534  00001624  23bd0010	addi	r29,r29,#16
  535  00001628          	L39_LF0:
  536  00001628  23bdfff8	addi	r29,r29,#-8
  537  0000162c  3c070000	lhi	r7,((LC9_LF0)>>16)&0xffff
  538  00001630  24e731b0	addui	r7,r7,(LC9_LF0)&0xffff
  539  00001634  afa70000	sw	(r29),r7
  540  00001638  0c000078	jal	_Printf
  541  0000163c  54000000	nop; not filled.
  542  00001640  0c00007c	jal	_getpid
  543  00001644  54000000	nop; not filled.
  544  00001648  3c070000	lhi	r7,((LC24_LF0)>>16)&0xffff
  545  0000164c  24e734c8	addui	r7,r7,(LC24_LF0)&0xffff
  546  00001650  afa70000	sw	(r29),r7
  547  00001654  afa10004	sw	4(r29),r1
  548  00001658  0c000058	jal	_Printf
  549  0000165c  54000000	nop; not filled.
  550  00001660  23bd0008	addi	r29,r29,#8
  551  00001664  0c000f00	jal	_exit
  552  00001668  54000000	nop
  553  0000166c          	.endproc _main
  554                      ;;;
  555                      ;;; Stub functions for DLX traps.
  556                      ;;;
  557                      ;;; Ethan L. Miller, 1999.  Released to the public domain.
  558                      ;;;
  559                      ;;; The traps such as Open and Close
  560                      ;;; (note the capital letters) are for use by user programs.  The traps
  561                      ;;; with names such as open and close (lower case) are for use by the OS.
  562                      ;;;
  565  0000166c          	.align 2
  567                      ;;; The following are the traps to be used by user-level programs
  568                      ;;;
  570  0000166c          	.align 2
  571  0000166c          	.proc _Open
  572  0000166c          	.global _Open
  573  0000166c          	_Open:
  574                      ;;; Note that trap #0x213 actually causes a trap vector in the OS of
  575                      ;;; 0x1213.  The same is true for other user traps.  Thus, a user trap
  576                      ;;; with trap #0x240 will result in a trap vector of 0x1240 in the OS.
  577  0000166c  44000213	trap	#0x213
  578  00001670  4be00000	jr	r31
  579  00001674  54000000	nop
  580  00001678          	.endproc _Open
  582  00001678          	.proc _Close
  583  00001678          	.global _Close
  584  00001678          	_Close:
  585  00001678  44000214	trap	#0x214
  586  0000167c  4be00000	jr	r31
  587  00001680  54000000	nop
  588  00001684          	.endproc _Close
  590  00001684          	.proc _Read
  591  00001684          	.global _Read
  592  00001684          	_Read:
  593  00001684  44000210	trap	#0x210
  594  00001688  4be00000	jr	r31
  595  0000168c  54000000	nop
  596  00001690          	.endproc _Read
  598  00001690          	.proc _Write
  599  00001690          	.global _Write
  600  00001690          	_Write:
  601  00001690  44000211	trap	#0x211
  602  00001694  4be00000	jr	r31
  603  00001698  54000000	nop
  604  0000169c          	.endproc _Write
  606  0000169c          	.proc _Lseek
  607  0000169c          	.global _Lseek
  608  0000169c          	_Lseek:
  609  0000169c  44000212	trap	#0x212
  610  000016a0  4be00000	jr	r31
  611  000016a4  54000000	nop
  612  000016a8          	.endproc _Lseek
  614  000016a8          	.proc _Putchar
  615  000016a8          	.global _Putchar
  616  000016a8          	_Putchar:
  617  000016a8  44000280	trap	#0x280
  618  000016ac  4be00000	jr	r31
  619  000016b0  54000000	nop
  620  000016b4          	.endproc _Putchar
  622  000016b4          	.proc _Printf
  623  000016b4          	.global _Printf
  624  000016b4          	_Printf:
  625  000016b4  44000201	trap	#0x201
  626  000016b8  4be00000	jr	r31
  627  000016bc  54000000	nop
  628  000016c0          	.endproc _Printf
  630  000016c0          	.proc _getpid
  631  000016c0          	.global _getpid
  632  000016c0          	_getpid:
  633  000016c0  44000431	trap	#0x431
  634  000016c4  4be00000	jr	r31
  635  000016c8  54000000	nop
  636  000016cc          	.endproc _getpid
  638  000016cc          	.proc _process_create
  639  000016cc          	.global _process_create
  640  000016cc          	_process_create:
  641  000016cc  44000432	trap	#0x432
  642  000016d0  4be00000	jr	r31
  643  000016d4  54000000	nop
  644  000016d8          	.endproc _process_create
  646  000016d8          	.proc _shmget
  647  000016d8          	.global _shmget
  648  000016d8          	_shmget:
  649  000016d8  44000440	trap	#0x440
  650  000016dc  4be00000	jr	r31
  651  000016e0  54000000	nop
  652  000016e4          	.endproc _shmget
  654  000016e4          	.proc _shmat
  655  000016e4          	.global _shmat
  656  000016e4          	_shmat:
  657  000016e4  44000441	trap	#0x441
  658  000016e8  4be00000	jr	r31
  659  000016ec  54000000	nop
  660  000016f0          	.endproc _shmat
  662  000016f0          	.proc _sem_create
  663  000016f0          	.global _sem_create
  664  000016f0          	_sem_create:
  665  000016f0  44000450	trap	#0x450
  666  000016f4  4be00000	jr	r31
  667  000016f8  54000000	nop
  668  000016fc          	.endproc _sem_create
  670  000016fc          	.proc _sem_wait
  671  000016fc          	.global _sem_wait
  672  000016fc          	_sem_wait:
  673  000016fc  44000451	trap	#0x451
  674  00001700  4be00000	jr	r31
  675  00001704  54000000	nop
  676  00001708          	.endproc _sem_wait
  678  00001708          	.proc _sem_signal
  679  00001708          	.global _sem_signal
  680  00001708          	_sem_signal:
  681  00001708  44000452	trap	#0x452
  682  0000170c  4be00000	jr	r31
  683  00001710  54000000	nop
  684  00001714          	.endproc _sem_signal
  686  00001714          	.proc _lock_create
  687  00001714          	.global _lock_create
  688  00001714          	_lock_create:
  689  00001714  44000453	trap	#0x453
  690  00001718  4be00000	jr	r31
  691  0000171c  54000000	nop
  692  00001720          	.endproc _lock_create
  694  00001720          	.proc _lock_acquire
  695  00001720          	.global _lock_acquire
  696  00001720          	_lock_acquire:
  697  00001720  44000454	trap	#0x454
  698  00001724  4be00000	jr	r31
  699  00001728  54000000	nop
  700  0000172c          	.endproc _lock_acquire
  702  0000172c          	.proc _lock_release
  703  0000172c          	.global _lock_release
  704  0000172c          	_lock_release:
  705  0000172c  44000455	trap	#0x455
  706  00001730  4be00000	jr	r31
  707  00001734  54000000	nop
  708  00001738          	.endproc _lock_release
  710  00001738          	.proc _cond_create
  711  00001738          	.global _cond_create
  712  00001738          	_cond_create:
  713  00001738  44000456	trap	#0x456
  714  0000173c  4be00000	jr	r31
  715  00001740  54000000	nop
  716  00001744          	.endproc _cond_create
  718  00001744          	.proc _cond_wait
  719  00001744          	.global _cond_wait
  720  00001744          	_cond_wait:
  721  00001744  44000457	trap	#0x457
  722  00001748  4be00000	jr	r31
  723  0000174c  54000000	nop
  724  00001750          	.endproc _cond_wait
  726  00001750          	.proc _cond_signal
  727  00001750          	.global _cond_signal
  728  00001750          	_cond_signal:
  729  00001750  44000458	trap	#0x458
  730  00001754  4be00000	jr	r31
  731  00001758  54000000	nop
  732  0000175c          	.endproc _cond_signal
  734  0000175c          	.proc _cond_broadcast
  735  0000175c          	.global _cond_broadcast
  736  0000175c          	_cond_broadcast:
  737  0000175c  44000459	trap	#0x459
  738  00001760  4be00000	jr	r31
  739  00001764  54000000	nop
  740  00001768          	.endproc _cond_broadcast
  742  00001768          	.proc _mbox_create
  743  00001768          	.global _mbox_create
  744  00001768          	_mbox_create:
  745  00001768  44000460	trap	#0x460
  746  0000176c  4be00000	jr	r31
  747  00001770  54000000	nop
  748  00001774          	.endproc _mbox_create
  750  00001774          	.proc _mbox_open
  751  00001774          	.global _mbox_open
  752  00001774          	_mbox_open:
  753  00001774  44000461	trap	#0x461
  754  00001778  4be00000	jr	r31
  755  0000177c  54000000	nop
  756  00001780          	.endproc _mbox_open
  758  00001780          	.proc _mbox_close
  759  00001780          	.global _mbox_close
  760  00001780          	_mbox_close:
  761  00001780  44000462	trap	#0x462
  762  00001784  4be00000	jr	r31
  763  00001788  54000000	nop
  764  0000178c          	.endproc _mbox_close
  766  0000178c          	.proc _mbox_send
  767  0000178c          	.global _mbox_send
  768  0000178c          	_mbox_send:
  769  0000178c  44000463	trap	#0x463
  770  00001790  4be00000	jr	r31
  771  00001794  54000000	nop
  772  00001798          	.endproc _mbox_send
  774  00001798          	.proc _mbox_recv
  775  00001798          	.global _mbox_recv
  776  00001798          	_mbox_recv:
  777  00001798  44000464	trap	#0x464
  778  0000179c  4be00000	jr	r31
  779  000017a0  54000000	nop
  780  000017a4          	.endproc _mbox_recv
  782  000017a4          	.proc _sleep
  783  000017a4          	.global _sleep
  784  000017a4          	_sleep:
  785  000017a4  44000465	trap	#0x465
  786  000017a8  4be00000	jr	r31
  787  000017ac  54000000	nop
  788  000017b0          	.endproc _sleep
  790  000017b0          	.proc _yield
  791  000017b0          	.global _yield
  792  000017b0          	_yield:
  793  000017b0  44000466	trap	#0x466
  794  000017b4  4be00000	jr	r31
  795  000017b8  54000000	nop
  796  000017bc          	.endproc _yield
  799  000017bc          	.proc _Exit
  800  000017bc          	.global _Exit
  801  000017bc          	_Exit:
  802  000017bc  44000500	trap	#0x500
  803  000017c0  4be00000	jr	r31
  804  000017c4  54000000	nop
  805  000017c8          	.endproc _Exit
  808  000017c8          	.proc _malloc
  809  000017c8          	.global _malloc
  810  000017c8          	_malloc:
  811  000017c8  44000467	trap	#0x467
  812  000017cc  4be00000	jr	r31
  813  000017d0          	.endproc _malloc
  816  000017d0          	.proc _mfree
  817  000017d0          	.global _mfree
  818  000017d0          	_mfree:
  819  000017d0  44000468	trap	#0x468
  820  000017d4  4be00000	jr	r31
  821  000017d8          	.endproc _mfree
  822                      ; Compiled by GCC
  824  000017d8          	.align 2
  825  000017d8          	.proc _isspace
  826  000017d8          	.global _isspace
  827  000017d8          	_isspace:
  828                      ;  Function 'isspace'; 0 bytes of locals, 3 regs to save.
  829  000017d8  afbefffc	sw	-4(r29),r30; push fp
  830  000017dc  001df020	add	r30,r0,r29; fp = sp
  831  000017e0  afbffff8	sw	-8(r29),r31; push ret addr
  832  000017e4  2fbd0018	subui	r29,r29,#24; alloc local storage
  833  000017e8  afa20000	sw	0(r29),r2
  834  000017ec  afa30004	sw	4(r29),r3
  835  000017f0  afa40008	sw	8(r29),r4
  836  000017f4  83c20003	lb	r2,3(r30)
  837  000017f8  20010000	addi	r1,r0,#0
  838  000017fc  304300ff	andi	r3,r2,#0x00ff
  839  00001800  60640020	seqi	r4,r3,#32
  840  00001804  1480002c	bnez	r4,L3_LF2
  841  00001808  54000000	nop; delay slot nop
  842  0000180c  304300ff	andi	r3,r2,#0x00ff
  843  00001810  60640009	seqi	r4,r3,#9
  844  00001814  1480001c	bnez	r4,L3_LF2
  845  00001818  54000000	nop; delay slot nop
  846  0000181c  304300ff	andi	r3,r2,#0x00ff
  847  00001820  6064000a	seqi	r4,r3,#10
  848  00001824  1480000c	bnez	r4,L3_LF2
  849  00001828  54000000	nop; delay slot nop
  850  0000182c  08000008	j	L2_LF2
  851  00001830  54000000	nop; delay slot nop
  852  00001834          	L3_LF2:
  853  00001834  20010001	addi	r1,r0,#1
  854  00001838          	L2_LF2:
  855  00001838  08000004	j	L1_LF2
  856  0000183c  54000000	nop; delay slot nop
  857  00001840          	L1_LF2:
  858  00001840  8fa20000	lw	r2,0(r29)
  859  00001844  8fa30004	lw	r3,4(r29)
  860  00001848  8fa40008	lw	r4,8(r29)
  861  0000184c  8fdffff8	lw	r31,-8(r30)
  862  00001850  001ee820	add	r29,r0,r30
  863  00001854  8fdefffc	lw	r30,-4(r30)
  864  00001858  4be00000	jr	r31
  865  0000185c  54000000	nop
  866  00001860          	.endproc _isspace
  867  00001860          	.align 2
  868  00001860          	.proc _isxdigit
  869  00001860          	.global _isxdigit
  870  00001860          	_isxdigit:
  871                      ;  Function 'isxdigit'; 0 bytes of locals, 3 regs to save.
  872  00001860  afbefffc	sw	-4(r29),r30; push fp
  873  00001864  001df020	add	r30,r0,r29; fp = sp
  874  00001868  afbffff8	sw	-8(r29),r31; push ret addr
  875  0000186c  2fbd0018	subui	r29,r29,#24; alloc local storage
  876  00001870  afa20000	sw	0(r29),r2
  877  00001874  afa30004	sw	4(r29),r3
  878  00001878  afa40008	sw	8(r29),r4
  879  0000187c  83c20003	lb	r2,3(r30)
  880  00001880  20010000	addi	r1,r0,#0
  881  00001884  304300ff	andi	r3,r2,#0x00ff
  882  00001888  6c64002f	sgtui	r4,r3,#47
  883  0000188c  1080001c	beqz	r4,L7_LF2
  884  00001890  54000000	nop; delay slot nop
  885  00001894  304300ff	andi	r3,r2,#0x00ff
  886  00001898  70640039	sleui	r4,r3,#57
  887  0000189c  1480005c	bnez	r4,L6_LF2
  888  000018a0  54000000	nop; delay slot nop
  889  000018a4  08000004	j	L7_LF2
  890  000018a8  54000000	nop; delay slot nop
  891  000018ac          	L7_LF2:
  892  000018ac  304300ff	andi	r3,r2,#0x00ff
  893  000018b0  6c640060	sgtui	r4,r3,#96
  894  000018b4  1080001c	beqz	r4,L8_LF2
  895  000018b8  54000000	nop; delay slot nop
  896  000018bc  304300ff	andi	r3,r2,#0x00ff
  897  000018c0  70640066	sleui	r4,r3,#102
  898  000018c4  14800034	bnez	r4,L6_LF2
  899  000018c8  54000000	nop; delay slot nop
  900  000018cc  08000004	j	L8_LF2
  901  000018d0  54000000	nop; delay slot nop
  902  000018d4          	L8_LF2:
  903  000018d4  304300ff	andi	r3,r2,#0x00ff
  904  000018d8  6c640040	sgtui	r4,r3,#64
  905  000018dc  10800020	beqz	r4,L5_LF2
  906  000018e0  54000000	nop; delay slot nop
  907  000018e4  304300ff	andi	r3,r2,#0x00ff
  908  000018e8  70640041	sleui	r4,r3,#65
  909  000018ec  1480000c	bnez	r4,L6_LF2
  910  000018f0  54000000	nop; delay slot nop
  911  000018f4  08000008	j	L5_LF2
  912  000018f8  54000000	nop; delay slot nop
  913  000018fc          	L6_LF2:
  914  000018fc  20010001	addi	r1,r0,#1
  915  00001900          	L5_LF2:
  916  00001900  08000004	j	L4_LF2
  917  00001904  54000000	nop; delay slot nop
  918  00001908          	L4_LF2:
  919  00001908  8fa20000	lw	r2,0(r29)
  920  0000190c  8fa30004	lw	r3,4(r29)
  921  00001910  8fa40008	lw	r4,8(r29)
  922  00001914  8fdffff8	lw	r31,-8(r30)
  923  00001918  001ee820	add	r29,r0,r30
  924  0000191c  8fdefffc	lw	r30,-4(r30)
  925  00001920  4be00000	jr	r31
  926  00001924  54000000	nop
  927  00001928          	.endproc _isxdigit
  928  00001928          	.align 2
  929  00001928          	.proc _dstrcpy
  930  00001928          	.global _dstrcpy
  931  00001928          	_dstrcpy:
  932                      ;  Function 'dstrcpy'; 8 bytes of locals, 2 regs to save.
  933  00001928  afbefffc	sw	-4(r29),r30; push fp
  934  0000192c  001df020	add	r30,r0,r29; fp = sp
  935  00001930  afbffff8	sw	-8(r29),r31; push ret addr
  936  00001934  2fbd0018	subui	r29,r29,#24; alloc local storage
  937  00001938  afa20000	sw	0(r29),r2
  938  0000193c  afa30004	sw	4(r29),r3
  939  00001940  8fc10000	lw	r1,(r30)
  940  00001944  afc1fff4	sw	-12(r30),r1
  941  00001948          	L10_LF2:
  942  00001948  8fc10000	lw	r1,(r30)
  943  0000194c  20220001	addi	r2,r1,#1
  944  00001950  afc20000	sw	(r30),r2
  945  00001954  8fc20004	lw	r2,4(r30)
  946  00001958  20430001	addi	r3,r2,#1
  947  0000195c  afc30004	sw	4(r30),r3
  948  00001960  80420000	lb	r2,(r2)
  949  00001964  a0220000	sb	(r1),r2
  950  00001968  a3c2fff3	sb	-13(r30),r2
  951  0000196c          	L12_LF2:
  952  0000196c  93c1fff3	lbu	r1,-13(r30)
  953  00001970  64220000	snei	r2,r1,#0
  954  00001974  1440000c	bnez	r2,L13_LF2
  955  00001978  54000000	nop; delay slot nop
  956  0000197c  0800000c	j	L11_LF2
  957  00001980  54000000	nop; delay slot nop
  958  00001984          	L13_LF2:
  959  00001984  0bffffc0	j	L10_LF2
  960  00001988  54000000	nop; delay slot nop
  961  0000198c          	L11_LF2:
  962  0000198c  8fc1fff4	lw	r1,-12(r30)
  963  00001990  08000004	j	L9_LF2
  964  00001994  54000000	nop; delay slot nop
  965  00001998          	L9_LF2:
  966  00001998  8fa20000	lw	r2,0(r29)
  967  0000199c  8fa30004	lw	r3,4(r29)
  968  000019a0  8fdffff8	lw	r31,-8(r30)
  969  000019a4  001ee820	add	r29,r0,r30
  970  000019a8  8fdefffc	lw	r30,-4(r30)
  971  000019ac  4be00000	jr	r31
  972  000019b0  54000000	nop
  973  000019b4          	.endproc _dstrcpy
  974  000019b4          	.align 2
  975  000019b4          	.proc _dstrncpy
  976  000019b4          	.global _dstrncpy
  977  000019b4          	_dstrncpy:
  978                      ;  Function 'dstrncpy'; 8 bytes of locals, 2 regs to save.
  979  000019b4  afbefffc	sw	-4(r29),r30; push fp
  980  000019b8  001df020	add	r30,r0,r29; fp = sp
  981  000019bc  afbffff8	sw	-8(r29),r31; push ret addr
  982  000019c0  2fbd0018	subui	r29,r29,#24; alloc local storage
  983  000019c4  afa20000	sw	0(r29),r2
  984  000019c8  afa30004	sw	4(r29),r3
  985  000019cc  8fc10000	lw	r1,(r30)
  986  000019d0  afc1fff4	sw	-12(r30),r1
  987  000019d4          	L15_LF2:
  988  000019d4  8fc10008	lw	r1,8(r30)
  989  000019d8  2022ffff	addi	r2,r1,#-1
  990  000019dc  afc20008	sw	8(r30),r2
  991  000019e0  70210000	slei	r1,r1,#0
  992  000019e4  1020000c	beqz	r1,L18_LF2
  993  000019e8  54000000	nop; delay slot nop
  994  000019ec  08000048	j	L16_LF2
  995  000019f0  54000000	nop; delay slot nop
  996  000019f4          	L18_LF2:
  997  000019f4  8fc10000	lw	r1,(r30)
  998  000019f8  20220001	addi	r2,r1,#1
  999  000019fc  afc20000	sw	(r30),r2
 1000  00001a00  8fc20004	lw	r2,4(r30)
 1001  00001a04  20430001	addi	r3,r2,#1
 1002  00001a08  afc30004	sw	4(r30),r3
 1003  00001a0c  80420000	lb	r2,(r2)
 1004  00001a10  a0220000	sb	(r1),r2
 1005  00001a14  a3c2fff3	sb	-13(r30),r2
 1006  00001a18          	L17_LF2:
 1007  00001a18  93c1fff3	lbu	r1,-13(r30)
 1008  00001a1c  64220000	snei	r2,r1,#0
 1009  00001a20  1440000c	bnez	r2,L19_LF2
 1010  00001a24  54000000	nop; delay slot nop
 1011  00001a28  0800000c	j	L16_LF2
 1012  00001a2c  54000000	nop; delay slot nop
 1013  00001a30          	L19_LF2:
 1014  00001a30  0bffffa0	j	L15_LF2
 1015  00001a34  54000000	nop; delay slot nop
 1016  00001a38          	L16_LF2:
 1017  00001a38  8fc1fff4	lw	r1,-12(r30)
 1018  00001a3c  08000004	j	L14_LF2
 1019  00001a40  54000000	nop; delay slot nop
 1020  00001a44          	L14_LF2:
 1021  00001a44  8fa20000	lw	r2,0(r29)
 1022  00001a48  8fa30004	lw	r3,4(r29)
 1023  00001a4c  8fdffff8	lw	r31,-8(r30)
 1024  00001a50  001ee820	add	r29,r0,r30
 1025  00001a54  8fdefffc	lw	r30,-4(r30)
 1026  00001a58  4be00000	jr	r31
 1027  00001a5c  54000000	nop
 1028  00001a60          	.endproc _dstrncpy
 1029  00001a60          	.align 2
 1030  00001a60          	.proc _dstrcat
 1031  00001a60          	.global _dstrcat
 1032  00001a60          	_dstrcat:
 1033                      ;  Function 'dstrcat'; 8 bytes of locals, 1 regs to save.
 1034  00001a60  afbefffc	sw	-4(r29),r30; push fp
 1035  00001a64  001df020	add	r30,r0,r29; fp = sp
 1036  00001a68  afbffff8	sw	-8(r29),r31; push ret addr
 1037  00001a6c  2fbd0018	subui	r29,r29,#24; alloc local storage
 1038  00001a70  afa20000	sw	0(r29),r2
 1039  00001a74  8fc10000	lw	r1,(r30)
 1040  00001a78  afc1fff4	sw	-12(r30),r1
 1041  00001a7c          	L21_LF2:
 1042  00001a7c  8fc10000	lw	r1,(r30)
 1043  00001a80  90220000	lbu	r2,(r1)
 1044  00001a84  64410000	snei	r1,r2,#0
 1045  00001a88  1420000c	bnez	r1,L23_LF2
 1046  00001a8c  54000000	nop; delay slot nop
 1047  00001a90  0800001c	j	L22_LF2
 1048  00001a94  54000000	nop; delay slot nop
 1049  00001a98          	L23_LF2:
 1050  00001a98  8fc20000	lw	r2,(r30)
 1051  00001a9c  20410001	addi	r1,r2,#1
 1052  00001aa0  00011020	add	r2,r0,r1
 1053  00001aa4  afc20000	sw	(r30),r2
 1054  00001aa8  0bffffd0	j	L21_LF2
 1055  00001aac  54000000	nop; delay slot nop
 1056  00001ab0          	L22_LF2:
 1057  00001ab0  23bdfff8	addi	r29,r29,#-8
 1058  00001ab4  001d0820	add	r1,r0,r29
 1059  00001ab8  8fc20000	lw	r2,(r30)
 1060  00001abc  ac220000	sw	(r1),r2
 1061  00001ac0  8fc20004	lw	r2,4(r30)
 1062  00001ac4  ac220004	sw	4(r1),r2
 1063  00001ac8  0ffffe5c	jal	_dstrcpy
 1064  00001acc  54000000	nop; delay slot nop
 1065  00001ad0  23bd0008	addi	r29,r29,#8
 1066  00001ad4  8fc1fff4	lw	r1,-12(r30)
 1067  00001ad8  08000004	j	L20_LF2
 1068  00001adc  54000000	nop; delay slot nop
 1069  00001ae0          	L20_LF2:
 1070  00001ae0  8fa20000	lw	r2,0(r29)
 1071  00001ae4  8fdffff8	lw	r31,-8(r30)
 1072  00001ae8  001ee820	add	r29,r0,r30
 1073  00001aec  8fdefffc	lw	r30,-4(r30)
 1074  00001af0  4be00000	jr	r31
 1075  00001af4  54000000	nop
 1076  00001af8          	.endproc _dstrcat
 1077  00001af8          	.align 2
 1078  00001af8          	.proc _dstrncmp
 1079  00001af8          	.global _dstrncmp
 1080  00001af8          	_dstrncmp:
 1081                      ;  Function 'dstrncmp'; 8 bytes of locals, 2 regs to save.
 1082  00001af8  afbefffc	sw	-4(r29),r30; push fp
 1083  00001afc  001df020	add	r30,r0,r29; fp = sp
 1084  00001b00  afbffff8	sw	-8(r29),r31; push ret addr
 1085  00001b04  2fbd0018	subui	r29,r29,#24; alloc local storage
 1086  00001b08  afa20000	sw	0(r29),r2
 1087  00001b0c  afa30004	sw	4(r29),r3
 1088  00001b10  54000000	nop
 1089  00001b14  20010000	addi	r1,r0,#0
 1090  00001b18  afc1fff4	sw	-12(r30),r1
 1091  00001b1c          	L25_LF2:
 1092  00001b1c  8fc1fff4	lw	r1,-12(r30)
 1093  00001b20  8fc20008	lw	r2,8(r30)
 1094  00001b24  0022082a	slt	r1,r1,r2
 1095  00001b28  1420000c	bnez	r1,L28_LF2
 1096  00001b2c  54000000	nop; delay slot nop
 1097  00001b30  08000088	j	L26_LF2
 1098  00001b34  54000000	nop; delay slot nop
 1099  00001b38          	L28_LF2:
 1100  00001b38  8fc10004	lw	r1,4(r30)
 1101  00001b3c  90220000	lbu	r2,(r1)
 1102  00001b40  64410000	snei	r1,r2,#0
 1103  00001b44  14200018	bnez	r1,L29_LF2
 1104  00001b48  54000000	nop; delay slot nop
 1105  00001b4c  20010000	addi	r1,r0,#0
 1106  00001b50  080000d8	j	L24_LF2
 1107  00001b54  54000000	nop; delay slot nop
 1108  00001b58  08000028	j	L30_LF2
 1109  00001b5c  54000000	nop; delay slot nop
 1110  00001b60          	L29_LF2:
 1111  00001b60  8fc10000	lw	r1,(r30)
 1112  00001b64  8fc20004	lw	r2,4(r30)
 1113  00001b68  90210000	lbu	r1,(r1)
 1114  00001b6c  90420000	lbu	r2,(r2)
 1115  00001b70  00220829	sne	r1,r1,r2
 1116  00001b74  1020000c	beqz	r1,L30_LF2
 1117  00001b78  54000000	nop; delay slot nop
 1118  00001b7c  0800003c	j	L26_LF2
 1119  00001b80  54000000	nop; delay slot nop
 1120  00001b84          	L31_LF2:
 1121  00001b84          	L30_LF2:
 1122  00001b84  8fc20000	lw	r2,(r30)
 1123  00001b88  20410001	addi	r1,r2,#1
 1124  00001b8c  00011020	add	r2,r0,r1
 1125  00001b90  afc20000	sw	(r30),r2
 1126  00001b94  8fc20004	lw	r2,4(r30)
 1127  00001b98  20410001	addi	r1,r2,#1
 1128  00001b9c  00011020	add	r2,r0,r1
 1129  00001ba0  afc20004	sw	4(r30),r2
 1130  00001ba4          	L27_LF2:
 1131  00001ba4  8fc2fff4	lw	r2,-12(r30)
 1132  00001ba8  20410001	addi	r1,r2,#1
 1133  00001bac  00011020	add	r2,r0,r1
 1134  00001bb0  afc2fff4	sw	-12(r30),r2
 1135  00001bb4  0bffff64	j	L25_LF2
 1136  00001bb8  54000000	nop; delay slot nop
 1137  00001bbc          	L26_LF2:
 1138  00001bbc  8fc1fff4	lw	r1,-12(r30)
 1139  00001bc0  8fc20008	lw	r2,8(r30)
 1140  00001bc4  00220828	seq	r1,r1,r2
 1141  00001bc8  10200018	beqz	r1,L32_LF2
 1142  00001bcc  54000000	nop; delay slot nop
 1143  00001bd0  20010000	addi	r1,r0,#0
 1144  00001bd4  08000054	j	L24_LF2
 1145  00001bd8  54000000	nop; delay slot nop
 1146  00001bdc  0800004c	j	L33_LF2
 1147  00001be0  54000000	nop; delay slot nop
 1148  00001be4          	L32_LF2:
 1149  00001be4  8fc20000	lw	r2,(r30)
 1150  00001be8  90410000	lbu	r1,(r2)
 1151  00001bec  8fc20004	lw	r2,4(r30)
 1152  00001bf0  90430000	lbu	r3,(r2)
 1153  00001bf4  00230822	sub	r1,r1,r3
 1154  00001bf8  74220000	sgei	r2,r1,#0
 1155  00001bfc  10400020	beqz	r2,L34_LF2
 1156  00001c00  54000000	nop; delay slot nop
 1157  00001c04  8fc10000	lw	r1,(r30)
 1158  00001c08  8fc20004	lw	r2,4(r30)
 1159  00001c0c  90210000	lbu	r1,(r1)
 1160  00001c10  90420000	lbu	r2,(r2)
 1161  00001c14  00220829	sne	r1,r1,r2
 1162  00001c18  08000008	j	L35_LF2
 1163  00001c1c  54000000	nop; delay slot nop
 1164  00001c20          	L34_LF2:
 1165  00001c20  2001ffff	addi	r1,r0,#-1
 1166  00001c24          	L35_LF2:
 1167  00001c24  08000004	j	L24_LF2
 1168  00001c28  54000000	nop; delay slot nop
 1169  00001c2c          	L33_LF2:
 1170  00001c2c          	L24_LF2:
 1171  00001c2c  8fa20000	lw	r2,0(r29)
 1172  00001c30  8fa30004	lw	r3,4(r29)
 1173  00001c34  8fdffff8	lw	r31,-8(r30)
 1174  00001c38  001ee820	add	r29,r0,r30
 1175  00001c3c  8fdefffc	lw	r30,-4(r30)
 1176  00001c40  4be00000	jr	r31
 1177  00001c44  54000000	nop
 1178  00001c48          	.endproc _dstrncmp
 1179  00001c48          	.align 2
 1180  00001c48          	.proc _dstrlen
 1181  00001c48          	.global _dstrlen
 1182  00001c48          	_dstrlen:
 1183                      ;  Function 'dstrlen'; 8 bytes of locals, 1 regs to save.
 1184  00001c48  afbefffc	sw	-4(r29),r30; push fp
 1185  00001c4c  001df020	add	r30,r0,r29; fp = sp
 1186  00001c50  afbffff8	sw	-8(r29),r31; push ret addr
 1187  00001c54  2fbd0018	subui	r29,r29,#24; alloc local storage
 1188  00001c58  afa20000	sw	0(r29),r2
 1189  00001c5c  20010000	addi	r1,r0,#0
 1190  00001c60  afc1fff4	sw	-12(r30),r1
 1191  00001c64          	L37_LF2:
 1192  00001c64  8fc10000	lw	r1,(r30)
 1193  00001c68  20220001	addi	r2,r1,#1
 1194  00001c6c  afc20000	sw	(r30),r2
 1195  00001c70  90210000	lbu	r1,(r1)
 1196  00001c74  64220000	snei	r2,r1,#0
 1197  00001c78  1440000c	bnez	r2,L39_LF2
 1198  00001c7c  54000000	nop; delay slot nop
 1199  00001c80  0800001c	j	L38_LF2
 1200  00001c84  54000000	nop; delay slot nop
 1201  00001c88          	L39_LF2:
 1202  00001c88  8fc2fff4	lw	r2,-12(r30)
 1203  00001c8c  20410001	addi	r1,r2,#1
 1204  00001c90  00011020	add	r2,r0,r1
 1205  00001c94  afc2fff4	sw	-12(r30),r2
 1206  00001c98  0bffffc8	j	L37_LF2
 1207  00001c9c  54000000	nop; delay slot nop
 1208  00001ca0          	L38_LF2:
 1209  00001ca0  8fc1fff4	lw	r1,-12(r30)
 1210  00001ca4  08000004	j	L36_LF2
 1211  00001ca8  54000000	nop; delay slot nop
 1212  00001cac          	L36_LF2:
 1213  00001cac  8fa20000	lw	r2,0(r29)
 1214  00001cb0  8fdffff8	lw	r31,-8(r30)
 1215  00001cb4  001ee820	add	r29,r0,r30
 1216  00001cb8  8fdefffc	lw	r30,-4(r30)
 1217  00001cbc  4be00000	jr	r31
 1218  00001cc0  54000000	nop
 1219  00001cc4          	.endproc _dstrlen
 1220  00001cc4          	.align 2
 1221  00001cc4          	.proc _dstrstr
 1222  00001cc4          	.global _dstrstr
 1223  00001cc4          	_dstrstr:
 1224                      ;  Function 'dstrstr'; 8 bytes of locals, 1 regs to save.
 1225  00001cc4  afbefffc	sw	-4(r29),r30; push fp
 1226  00001cc8  001df020	add	r30,r0,r29; fp = sp
 1227  00001ccc  afbffff8	sw	-8(r29),r31; push ret addr
 1228  00001cd0  2fbd0018	subui	r29,r29,#24; alloc local storage
 1229  00001cd4  afa20000	sw	0(r29),r2
 1230  00001cd8  23bdfff8	addi	r29,r29,#-8
 1231  00001cdc  001d0820	add	r1,r0,r29
 1232  00001ce0  8fc20004	lw	r2,4(r30)
 1233  00001ce4  ac220000	sw	(r1),r2
 1234  00001ce8  0fffff5c	jal	_dstrlen
 1235  00001cec  54000000	nop; delay slot nop
 1236  00001cf0  23bd0008	addi	r29,r29,#8
 1237  00001cf4  afc1fff4	sw	-12(r30),r1
 1238  00001cf8          	L41_LF2:
 1239  00001cf8  8fc10000	lw	r1,(r30)
 1240  00001cfc  90220000	lbu	r2,(r1)
 1241  00001d00  64410000	snei	r1,r2,#0
 1242  00001d04  1420000c	bnez	r1,L43_LF2
 1243  00001d08  54000000	nop; delay slot nop
 1244  00001d0c  08000060	j	L42_LF2
 1245  00001d10  54000000	nop; delay slot nop
 1246  00001d14          	L43_LF2:
 1247  00001d14  23bdfff0	addi	r29,r29,#-16
 1248  00001d18  001d0820	add	r1,r0,r29
 1249  00001d1c  8fc20000	lw	r2,(r30)
 1250  00001d20  ac220000	sw	(r1),r2
 1251  00001d24  8fc20004	lw	r2,4(r30)
 1252  00001d28  ac220004	sw	4(r1),r2
 1253  00001d2c  8fc2fff4	lw	r2,-12(r30)
 1254  00001d30  ac220008	sw	8(r1),r2
 1255  00001d34  0ffffdc0	jal	_dstrncmp
 1256  00001d38  54000000	nop; delay slot nop
 1257  00001d3c  23bd0010	addi	r29,r29,#16
 1258  00001d40  64220000	snei	r2,r1,#0
 1259  00001d44  14400010	bnez	r2,L44_LF2
 1260  00001d48  54000000	nop; delay slot nop
 1261  00001d4c  8fc10000	lw	r1,(r30)
 1262  00001d50  08000028	j	L40_LF2
 1263  00001d54  54000000	nop; delay slot nop
 1264  00001d58          	L44_LF2:
 1265  00001d58  8fc20000	lw	r2,(r30)
 1266  00001d5c  20410001	addi	r1,r2,#1
 1267  00001d60  00011020	add	r2,r0,r1
 1268  00001d64  afc20000	sw	(r30),r2
 1269  00001d68  0bffff8c	j	L41_LF2
 1270  00001d6c  54000000	nop; delay slot nop
 1271  00001d70          	L42_LF2:
 1272  00001d70  20010000	addi	r1,r0,#0
 1273  00001d74  08000004	j	L40_LF2
 1274  00001d78  54000000	nop; delay slot nop
 1275  00001d7c          	L40_LF2:
 1276  00001d7c  8fa20000	lw	r2,0(r29)
 1277  00001d80  8fdffff8	lw	r31,-8(r30)
 1278  00001d84  001ee820	add	r29,r0,r30
 1279  00001d88  8fdefffc	lw	r30,-4(r30)
 1280  00001d8c  4be00000	jr	r31
 1281  00001d90  54000000	nop
 1282  00001d94          	.endproc _dstrstr
 1283  00001d94          	.align 2
 1284  00001d94          	.proc _dmindex
 1285  00001d94          	.global _dmindex
 1286  00001d94          	_dmindex:
 1287                      ;  Function 'dmindex'; 8 bytes of locals, 1 regs to save.
 1288  00001d94  afbefffc	sw	-4(r29),r30; push fp
 1289  00001d98  001df020	add	r30,r0,r29; fp = sp
 1290  00001d9c  afbffff8	sw	-8(r29),r31; push ret addr
 1291  00001da0  2fbd0018	subui	r29,r29,#24; alloc local storage
 1292  00001da4  afa20000	sw	0(r29),r2
 1293  00001da8  54000000	nop
 1294  00001dac          	L46_LF2:
 1295  00001dac  8fc10000	lw	r1,(r30)
 1296  00001db0  90220000	lbu	r2,(r1)
 1297  00001db4  64410000	snei	r1,r2,#0
 1298  00001db8  1420000c	bnez	r1,L48_LF2
 1299  00001dbc  54000000	nop; delay slot nop
 1300  00001dc0  08000070	j	L47_LF2
 1301  00001dc4  54000000	nop; delay slot nop
 1302  00001dc8          	L48_LF2:
 1303  00001dc8  8fc10004	lw	r1,4(r30)
 1304  00001dcc  afc1fff4	sw	-12(r30),r1
 1305  00001dd0          	L49_LF2:
 1306  00001dd0  8fc1fff4	lw	r1,-12(r30)
 1307  00001dd4  90220000	lbu	r2,(r1)
 1308  00001dd8  64410000	snei	r1,r2,#0
 1309  00001ddc  1420000c	bnez	r1,L52_LF2
 1310  00001de0  54000000	nop; delay slot nop
 1311  00001de4  08000044	j	L50_LF2
 1312  00001de8  54000000	nop; delay slot nop
 1313  00001dec          	L52_LF2:
 1314  00001dec  8fc10000	lw	r1,(r30)
 1315  00001df0  8fc2fff4	lw	r2,-12(r30)
 1316  00001df4  90210000	lbu	r1,(r1)
 1317  00001df8  90420000	lbu	r2,(r2)
 1318  00001dfc  00220828	seq	r1,r1,r2
 1319  00001e00  10200010	beqz	r1,L51_LF2
 1320  00001e04  54000000	nop; delay slot nop
 1321  00001e08  8fc10000	lw	r1,(r30)
 1322  00001e0c  08000030	j	L45_LF2
 1323  00001e10  54000000	nop; delay slot nop
 1324  00001e14          	L53_LF2:
 1325  00001e14          	L51_LF2:
 1326  00001e14  8fc2fff4	lw	r2,-12(r30)
 1327  00001e18  20410001	addi	r1,r2,#1
 1328  00001e1c  00011020	add	r2,r0,r1
 1329  00001e20  afc2fff4	sw	-12(r30),r2
 1330  00001e24  0bffffa8	j	L49_LF2
 1331  00001e28  54000000	nop; delay slot nop
 1332  00001e2c          	L50_LF2:
 1333  00001e2c  0bffff7c	j	L46_LF2
 1334  00001e30  54000000	nop; delay slot nop
 1335  00001e34          	L47_LF2:
 1336  00001e34  20010000	addi	r1,r0,#0
 1337  00001e38  08000004	j	L45_LF2
 1338  00001e3c  54000000	nop; delay slot nop
 1339  00001e40          	L45_LF2:
 1340  00001e40  8fa20000	lw	r2,0(r29)
 1341  00001e44  8fdffff8	lw	r31,-8(r30)
 1342  00001e48  001ee820	add	r29,r0,r30
 1343  00001e4c  8fdefffc	lw	r30,-4(r30)
 1344  00001e50  4be00000	jr	r31
 1345  00001e54  54000000	nop
 1346  00001e58          	.endproc _dmindex
 1347  00001e58          	.align 2
 1348  00001e58          	.proc _dindex
 1349  00001e58          	.global _dindex
 1350  00001e58          	_dindex:
 1351                      ;  Function 'dindex'; 0 bytes of locals, 1 regs to save.
 1352  00001e58  afbefffc	sw	-4(r29),r30; push fp
 1353  00001e5c  001df020	add	r30,r0,r29; fp = sp
 1354  00001e60  afbffff8	sw	-8(r29),r31; push ret addr
 1355  00001e64  2fbd0010	subui	r29,r29,#16; alloc local storage
 1356  00001e68  afa20000	sw	0(r29),r2
 1357  00001e6c  54000000	nop
 1358  00001e70          	L55_LF2:
 1359  00001e70  8fc10000	lw	r1,(r30)
 1360  00001e74  90220000	lbu	r2,(r1)
 1361  00001e78  64410000	snei	r1,r2,#0
 1362  00001e7c  1420000c	bnez	r1,L57_LF2
 1363  00001e80  54000000	nop; delay slot nop
 1364  00001e84  08000040	j	L56_LF2
 1365  00001e88  54000000	nop; delay slot nop
 1366  00001e8c          	L57_LF2:
 1367  00001e8c  8fc10000	lw	r1,(r30)
 1368  00001e90  90220000	lbu	r2,(r1)
 1369  00001e94  8fc10004	lw	r1,4(r30)
 1370  00001e98  00411028	seq	r2,r2,r1
 1371  00001e9c  10400010	beqz	r2,L58_LF2
 1372  00001ea0  54000000	nop; delay slot nop
 1373  00001ea4  8fc10000	lw	r1,(r30)
 1374  00001ea8  08000028	j	L54_LF2
 1375  00001eac  54000000	nop; delay slot nop
 1376  00001eb0          	L58_LF2:
 1377  00001eb0  8fc20000	lw	r2,(r30)
 1378  00001eb4  20410001	addi	r1,r2,#1
 1379  00001eb8  00011020	add	r2,r0,r1
 1380  00001ebc  afc20000	sw	(r30),r2
 1381  00001ec0  0bffffac	j	L55_LF2
 1382  00001ec4  54000000	nop; delay slot nop
 1383  00001ec8          	L56_LF2:
 1384  00001ec8  20010000	addi	r1,r0,#0
 1385  00001ecc  08000004	j	L54_LF2
 1386  00001ed0  54000000	nop; delay slot nop
 1387  00001ed4          	L54_LF2:
 1388  00001ed4  8fa20000	lw	r2,0(r29)
 1389  00001ed8  8fdffff8	lw	r31,-8(r30)
 1390  00001edc  001ee820	add	r29,r0,r30
 1391  00001ee0  8fdefffc	lw	r30,-4(r30)
 1392  00001ee4  4be00000	jr	r31
 1393  00001ee8  54000000	nop
 1394  00001eec          	.endproc _dindex
 1395  00001eec          	.align 2
 1396  00001eec          	.proc _ditoa
 1397  00001eec          	.global _ditoa
 1398  00001eec          	_ditoa:
 1399                      ;  Function 'ditoa'; 8 bytes of locals, 2 regs to save.
 1400  00001eec  afbefffc	sw	-4(r29),r30; push fp
 1401  00001ef0  001df020	add	r30,r0,r29; fp = sp
 1402  00001ef4  afbffff8	sw	-8(r29),r31; push ret addr
 1403  00001ef8  2fbd0018	subui	r29,r29,#24; alloc local storage
 1404  00001efc  afa20000	sw	0(r29),r2
 1405  00001f00  afa30004	sw	4(r29),r3
 1406  00001f04  8fc10000	lw	r1,(r30)
 1407  00001f08  68220000	slti	r2,r1,#0
 1408  00001f0c  1040002c	beqz	r2,L60_LF2
 1409  00001f10  54000000	nop; delay slot nop
 1410  00001f14  8fc10004	lw	r1,4(r30)
 1411  00001f18  20220001	addi	r2,r1,#1
 1412  00001f1c  afc20004	sw	4(r30),r2
 1413  00001f20  2002002d	addi	r2,r0,(#0x2d)&0xff
 1414  00001f24  a0220000	sb	(r1),r2
 1415  00001f28  8fc10000	lw	r1,(r30)
 1416  00001f2c  00011022	sub	r2,r0,r1
 1417  00001f30  afc20000	sw	(r30),r2
 1418  00001f34  08000118	j	L61_LF2
 1419  00001f38  54000000	nop; delay slot nop
 1420  00001f3c          	L60_LF2:
 1421  00001f3c  8fc10000	lw	r1,(r30)
 1422  00001f40  64220000	snei	r2,r1,#0
 1423  00001f44  14400020	bnez	r2,L62_LF2
 1424  00001f48  54000000	nop; delay slot nop
 1425  00001f4c  8fc10004	lw	r1,4(r30)
 1426  00001f50  20220001	addi	r2,r1,#1
 1427  00001f54  afc20004	sw	4(r30),r2
 1428  00001f58  20020030	addi	r2,r0,(#0x30)&0xff
 1429  00001f5c  a0220000	sb	(r1),r2
 1430  00001f60  080000ec	j	L61_LF2
 1431  00001f64  54000000	nop; delay slot nop
 1432  00001f68          	L62_LF2:
 1433  00001f68  20010001	addi	r1,r0,#1
 1434  00001f6c  afc1fff4	sw	-12(r30),r1
 1435  00001f70          	L64_LF2:
 1436  00001f70  8fc1fff4	lw	r1,-12(r30)
 1437  00001f74  8fc20000	lw	r2,(r30)
 1438  00001f78  0022082c	sle	r1,r1,r2
 1439  00001f7c  1420000c	bnez	r1,L66_LF2
 1440  00001f80  54000000	nop; delay slot nop
 1441  00001f84  08000024	j	L65_LF2
 1442  00001f88  54000000	nop; delay slot nop
 1443  00001f8c          	L67_LF2:
 1444  00001f8c          	L66_LF2:
 1445  00001f8c  8fc1fff4	lw	r1,-12(r30)
 1446  00001f90  00011820	add	r3,r0,r1
 1447  00001f94  50620002	slli	r2,r3,#0x2
 1448  00001f98  00411020	add	r2,r2,r1
 1449  00001f9c  50410001	slli	r1,r2,#0x1
 1450  00001fa0  afc1fff4	sw	-12(r30),r1
 1451  00001fa4  0bffffc8	j	L64_LF2
 1452  00001fa8  54000000	nop; delay slot nop
 1453  00001fac          	L65_LF2:
 1454  00001fac  54000000	nop
 1455  00001fb0          	L68_LF2:
 1456  00001fb0  8fc1fff4	lw	r1,-12(r30)
 1457  00001fb4  2002000a	addi	r2,r0,#10
 1458  00001fb8  00200035	movi2fp	f0,r1
 1459  00001fbc  00400835	movi2fp	f1,r2
 1460  00001fc0  0401000f	div	f0,f0,f1
 1461  00001fc4  00000834	movfp2i	r1,f0
 1462  00001fc8  afc1fff4	sw	-12(r30),r1
 1463  00001fcc  8fc10004	lw	r1,4(r30)
 1464  00001fd0  20220001	addi	r2,r1,#1
 1465  00001fd4  afc20004	sw	4(r30),r2
 1466  00001fd8  8fc20000	lw	r2,(r30)
 1467  00001fdc  8fc3fff4	lw	r3,-12(r30)
 1468  00001fe0  00400035	movi2fp	f0,r2
 1469  00001fe4  00600835	movi2fp	f1,r3
 1470  00001fe8  0401000f	div	f0,f0,f1
 1471  00001fec  00001034	movfp2i	r2,f0
 1472  00001ff0  00021820	add	r3,r0,r2
 1473  00001ff4  20620030	addi	r2,r3,#48
 1474  00001ff8  a0220000	sb	(r1),r2
 1475  00001ffc  8fc10000	lw	r1,(r30)
 1476  00002000  8fc3fff4	lw	r3,-12(r30)
 1477  00002004  00200035	movi2fp	f0,r1
 1478  00002008  00600835	movi2fp	f1,r3
 1479  0000200c  0401000f	div	f0,f0,f1
 1480  00002010  00001034	movfp2i	r2,f0
 1481  00002014  8fc3fff4	lw	r3,-12(r30)
 1482  00002018  00400035	movi2fp	f0,r2
 1483  0000201c  00600835	movi2fp	f1,r3
 1484  00002020  0401000e	mult	f0,f0,f1
 1485  00002024  00001034	movfp2i	r2,f0
 1486  00002028  00220822	sub	r1,r1,r2
 1487  0000202c  afc10000	sw	(r30),r1
 1488  00002030          	L70_LF2:
 1489  00002030  8fc1fff4	lw	r1,-12(r30)
 1490  00002034  6c220001	sgti	r2,r1,#1
 1491  00002038  1440000c	bnez	r2,L71_LF2
 1492  0000203c  54000000	nop; delay slot nop
 1493  00002040  0800000c	j	L61_LF2
 1494  00002044  54000000	nop; delay slot nop
 1495  00002048          	L71_LF2:
 1496  00002048  0bffff64	j	L68_LF2
 1497  0000204c  54000000	nop; delay slot nop
 1498  00002050          	L69_LF2:
 1499  00002050          	L63_LF2:
 1500  00002050          	L61_LF2:
 1501  00002050  8fc10004	lw	r1,4(r30)
 1502  00002054  20020000	addi	r2,r0,(#0x0)&0xff
 1503  00002058  a0220000	sb	(r1),r2
 1504  0000205c          	L59_LF2:
 1505  0000205c  8fa20000	lw	r2,0(r29)
 1506  00002060  8fa30004	lw	r3,4(r29)
 1507  00002064  8fdffff8	lw	r31,-8(r30)
 1508  00002068  001ee820	add	r29,r0,r30
 1509  0000206c  8fdefffc	lw	r30,-4(r30)
 1510  00002070  4be00000	jr	r31
 1511  00002074  54000000	nop
 1512  00002078          	.endproc _ditoa
 1513  00002078          	.align 2
 1514  00002078          	.proc _dstrtol
 1515  00002078          	.global _dstrtol
 1516  00002078          	_dstrtol:
 1517                      ;  Function 'dstrtol'; 16 bytes of locals, 1 regs to save.
 1518  00002078  afbefffc	sw	-4(r29),r30; push fp
 1519  0000207c  001df020	add	r30,r0,r29; fp = sp
 1520  00002080  afbffff8	sw	-8(r29),r31; push ret addr
 1521  00002084  2fbd0020	subui	r29,r29,#32; alloc local storage
 1522  00002088  afa20000	sw	0(r29),r2
 1523  0000208c  20010000	addi	r1,r0,#0
 1524  00002090  afc1fff4	sw	-12(r30),r1
 1525  00002094          	L73_LF2:
 1526  00002094  8fc10000	lw	r1,(r30)
 1527  00002098  90220000	lbu	r2,(r1)
 1528  0000209c  60410020	seqi	r1,r2,#32
 1529  000020a0  14200034	bnez	r1,L75_LF2
 1530  000020a4  54000000	nop; delay slot nop
 1531  000020a8  8fc10000	lw	r1,(r30)
 1532  000020ac  90220000	lbu	r2,(r1)
 1533  000020b0  60410009	seqi	r1,r2,#9
 1534  000020b4  14200020	bnez	r1,L75_LF2
 1535  000020b8  54000000	nop; delay slot nop
 1536  000020bc  8fc10000	lw	r1,(r30)
 1537  000020c0  90220000	lbu	r2,(r1)
 1538  000020c4  6041000a	seqi	r1,r2,#10
 1539  000020c8  1420000c	bnez	r1,L75_LF2
 1540  000020cc  54000000	nop; delay slot nop
 1541  000020d0  0800001c	j	L74_LF2
 1542  000020d4  54000000	nop; delay slot nop
 1543  000020d8          	L75_LF2:
 1544  000020d8  8fc20000	lw	r2,(r30)
 1545  000020dc  20410001	addi	r1,r2,#1
 1546  000020e0  00011020	add	r2,r0,r1
 1547  000020e4  afc20000	sw	(r30),r2
 1548  000020e8  0bffffa8	j	L73_LF2
 1549  000020ec  54000000	nop; delay slot nop
 1550  000020f0          	L74_LF2:
 1551  000020f0  8fc10004	lw	r1,4(r30)
 1552  000020f4  64220000	snei	r2,r1,#0
 1553  000020f8  10400010	beqz	r2,L76_LF2
 1554  000020fc  54000000	nop; delay slot nop
 1555  00002100  8fc10004	lw	r1,4(r30)
 1556  00002104  8fc20000	lw	r2,(r30)
 1557  00002108  ac220000	sw	(r1),r2
 1558  0000210c          	L76_LF2:
 1559  0000210c  8fc10000	lw	r1,(r30)
 1560  00002110  90220000	lbu	r2,(r1)
 1561  00002114  64410000	snei	r1,r2,#0
 1562  00002118  14200010	bnez	r1,L77_LF2
 1563  0000211c  54000000	nop; delay slot nop
 1564  00002120  8fc1fff4	lw	r1,-12(r30)
 1565  00002124  08000294	j	L72_LF2
 1566  00002128  54000000	nop; delay slot nop
 1567  0000212c          	L77_LF2:
 1568  0000212c  8fc10000	lw	r1,(r30)
 1569  00002130  90220000	lbu	r2,(r1)
 1570  00002134  6041002d	seqi	r1,r2,#45
 1571  00002138  10200024	beqz	r1,L78_LF2
 1572  0000213c  54000000	nop; delay slot nop
 1573  00002140  2001ffff	addi	r1,r0,#-1
 1574  00002144  afc1ffec	sw	-20(r30),r1
 1575  00002148  8fc20000	lw	r2,(r30)
 1576  0000214c  20410001	addi	r1,r2,#1
 1577  00002150  00011020	add	r2,r0,r1
 1578  00002154  afc20000	sw	(r30),r2
 1579  00002158  0800000c	j	L79_LF2
 1580  0000215c  54000000	nop; delay slot nop
 1581  00002160          	L78_LF2:
 1582  00002160  20010001	addi	r1,r0,#1
 1583  00002164  afc1ffec	sw	-20(r30),r1
 1584  00002168          	L79_LF2:
 1585  00002168  8fc10008	lw	r1,8(r30)
 1586  0000216c  64220000	snei	r2,r1,#0
 1587  00002170  14400090	bnez	r2,L80_LF2
 1588  00002174  54000000	nop; delay slot nop
 1589  00002178  8fc10000	lw	r1,(r30)
 1590  0000217c  90220000	lbu	r2,(r1)
 1591  00002180  60410030	seqi	r1,r2,#48
 1592  00002184  10200074	beqz	r1,L81_LF2
 1593  00002188  54000000	nop; delay slot nop
 1594  0000218c  8fc20000	lw	r2,(r30)
 1595  00002190  20410001	addi	r1,r2,#1
 1596  00002194  00011020	add	r2,r0,r1
 1597  00002198  afc20000	sw	(r30),r2
 1598  0000219c  8fc10000	lw	r1,(r30)
 1599  000021a0  90220000	lbu	r2,(r1)
 1600  000021a4  60410078	seqi	r1,r2,#120
 1601  000021a8  14200020	bnez	r1,L83_LF2
 1602  000021ac  54000000	nop; delay slot nop
 1603  000021b0  8fc10000	lw	r1,(r30)
 1604  000021b4  90220000	lbu	r2,(r1)
 1605  000021b8  60410058	seqi	r1,r2,#88
 1606  000021bc  1420000c	bnez	r1,L83_LF2
 1607  000021c0  54000000	nop; delay slot nop
 1608  000021c4  08000024	j	L82_LF2
 1609  000021c8  54000000	nop; delay slot nop
 1610  000021cc          	L83_LF2:
 1611  000021cc  20010010	addi	r1,r0,#16
 1612  000021d0  afc10008	sw	8(r30),r1
 1613  000021d4  8fc20000	lw	r2,(r30)
 1614  000021d8  20410001	addi	r1,r2,#1
 1615  000021dc  00011020	add	r2,r0,r1
 1616  000021e0  afc20000	sw	(r30),r2
 1617  000021e4  0800000c	j	L84_LF2
 1618  000021e8  54000000	nop; delay slot nop
 1619  000021ec          	L82_LF2:
 1620  000021ec  20010008	addi	r1,r0,#8
 1621  000021f0  afc10008	sw	8(r30),r1
 1622  000021f4          	L84_LF2:
 1623  000021f4  0800000c	j	L80_LF2
 1624  000021f8  54000000	nop; delay slot nop
 1625  000021fc          	L81_LF2:
 1626  000021fc  2001000a	addi	r1,r0,#10
 1627  00002200  afc10008	sw	8(r30),r1
 1628  00002204          	L85_LF2:
 1629  00002204          	L80_LF2:
 1630  00002204  8fc10008	lw	r1,8(r30)
 1631  00002208  70220000	slei	r2,r1,#0
 1632  0000220c  1440001c	bnez	r2,L87_LF2
 1633  00002210  54000000	nop; delay slot nop
 1634  00002214  8fc10008	lw	r1,8(r30)
 1635  00002218  6c220010	sgti	r2,r1,#16
 1636  0000221c  1440000c	bnez	r2,L87_LF2
 1637  00002220  54000000	nop; delay slot nop
 1638  00002224  08000010	j	L86_LF2
 1639  00002228  54000000	nop; delay slot nop
 1640  0000222c          	L87_LF2:
 1641  0000222c  8fc1fff4	lw	r1,-12(r30)
 1642  00002230  08000188	j	L72_LF2
 1643  00002234  54000000	nop; delay slot nop
 1644  00002238          	L86_LF2:
 1645  00002238  54000000	nop
 1646  0000223c          	L88_LF2:
 1647  0000223c  8fc10000	lw	r1,(r30)
 1648  00002240  90220000	lbu	r2,(r1)
 1649  00002244  6c41002f	sgtui	r1,r2,#47
 1650  00002248  10200030	beqz	r1,L91_LF2
 1651  0000224c  54000000	nop; delay slot nop
 1652  00002250  8fc10000	lw	r1,(r30)
 1653  00002254  90220000	lbu	r2,(r1)
 1654  00002258  70410039	sleui	r1,r2,#57
 1655  0000225c  1020001c	beqz	r1,L91_LF2
 1656  00002260  54000000	nop; delay slot nop
 1657  00002264  8fc10000	lw	r1,(r30)
 1658  00002268  90220000	lbu	r2,(r1)
 1659  0000226c  2041ffd0	addi	r1,r2,#-48
 1660  00002270  afc1fff0	sw	-16(r30),r1
 1661  00002274  0800008c	j	L92_LF2
 1662  00002278  54000000	nop; delay slot nop
 1663  0000227c          	L91_LF2:
 1664  0000227c  8fc10000	lw	r1,(r30)
 1665  00002280  90220000	lbu	r2,(r1)
 1666  00002284  6c410060	sgtui	r1,r2,#96
 1667  00002288  10200030	beqz	r1,L93_LF2
 1668  0000228c  54000000	nop; delay slot nop
 1669  00002290  8fc10000	lw	r1,(r30)
 1670  00002294  90220000	lbu	r2,(r1)
 1671  00002298  7041007a	sleui	r1,r2,#122
 1672  0000229c  1020001c	beqz	r1,L93_LF2
 1673  000022a0  54000000	nop; delay slot nop
 1674  000022a4  8fc10000	lw	r1,(r30)
 1675  000022a8  90220000	lbu	r2,(r1)
 1676  000022ac  2041ffa9	addi	r1,r2,#-87
 1677  000022b0  afc1fff0	sw	-16(r30),r1
 1678  000022b4  0800004c	j	L92_LF2
 1679  000022b8  54000000	nop; delay slot nop
 1680  000022bc          	L93_LF2:
 1681  000022bc  8fc10000	lw	r1,(r30)
 1682  000022c0  90220000	lbu	r2,(r1)
 1683  000022c4  6c410040	sgtui	r1,r2,#64
 1684  000022c8  10200030	beqz	r1,L95_LF2
 1685  000022cc  54000000	nop; delay slot nop
 1686  000022d0  8fc10000	lw	r1,(r30)
 1687  000022d4  90220000	lbu	r2,(r1)
 1688  000022d8  7041005a	sleui	r1,r2,#90
 1689  000022dc  1020001c	beqz	r1,L95_LF2
 1690  000022e0  54000000	nop; delay slot nop
 1691  000022e4  8fc10000	lw	r1,(r30)
 1692  000022e8  90220000	lbu	r2,(r1)
 1693  000022ec  2041ffc9	addi	r1,r2,#-55
 1694  000022f0  afc1fff0	sw	-16(r30),r1
 1695  000022f4  0800000c	j	L92_LF2
 1696  000022f8  54000000	nop; delay slot nop
 1697  000022fc          	L95_LF2:
 1698  000022fc  200103e8	addi	r1,r0,#1000
 1699  00002300  afc1fff0	sw	-16(r30),r1
 1700  00002304          	L96_LF2:
 1701  00002304          	L94_LF2:
 1702  00002304          	L92_LF2:
 1703  00002304  8fc1fff0	lw	r1,-16(r30)
 1704  00002308  8fc20008	lw	r2,8(r30)
 1705  0000230c  0022082a	slt	r1,r1,r2
 1706  00002310  10200040	beqz	r1,L90_LF2
 1707  00002314  54000000	nop; delay slot nop
 1708  00002318  8fc1fff4	lw	r1,-12(r30)
 1709  0000231c  8fc20008	lw	r2,8(r30)
 1710  00002320  00200035	movi2fp	f0,r1
 1711  00002324  00400835	movi2fp	f1,r2
 1712  00002328  0401000e	mult	f0,f0,f1
 1713  0000232c  00000834	movfp2i	r1,f0
 1714  00002330  afc1fff4	sw	-12(r30),r1
 1715  00002334  8fc1fff4	lw	r1,-12(r30)
 1716  00002338  8fc2fff0	lw	r2,-16(r30)
 1717  0000233c  00220820	add	r1,r1,r2
 1718  00002340  afc1fff4	sw	-12(r30),r1
 1719  00002344  8fc20000	lw	r2,(r30)
 1720  00002348  20410001	addi	r1,r2,#1
 1721  0000234c  00011020	add	r2,r0,r1
 1722  00002350  afc20000	sw	(r30),r2
 1723  00002354          	L97_LF2:
 1724  00002354          	L90_LF2:
 1725  00002354  8fc1fff0	lw	r1,-16(r30)
 1726  00002358  8fc20008	lw	r2,8(r30)
 1727  0000235c  0022082a	slt	r1,r1,r2
 1728  00002360  1420000c	bnez	r1,L98_LF2
 1729  00002364  54000000	nop; delay slot nop
 1730  00002368  0800000c	j	L89_LF2
 1731  0000236c  54000000	nop; delay slot nop
 1732  00002370          	L98_LF2:
 1733  00002370  0bfffec8	j	L88_LF2
 1734  00002374  54000000	nop; delay slot nop
 1735  00002378          	L89_LF2:
 1736  00002378  8fc10004	lw	r1,4(r30)
 1737  0000237c  64220000	snei	r2,r1,#0
 1738  00002380  10400010	beqz	r2,L99_LF2
 1739  00002384  54000000	nop; delay slot nop
 1740  00002388  8fc10004	lw	r1,4(r30)
 1741  0000238c  8fc20000	lw	r2,(r30)
 1742  00002390  ac220000	sw	(r1),r2
 1743  00002394          	L99_LF2:
 1744  00002394  8fc1fff4	lw	r1,-12(r30)
 1745  00002398  8fc2ffec	lw	r2,-20(r30)
 1746  0000239c  00200035	movi2fp	f0,r1
 1747  000023a0  00400835	movi2fp	f1,r2
 1748  000023a4  0401000e	mult	f0,f0,f1
 1749  000023a8  00000834	movfp2i	r1,f0
 1750  000023ac  afc1fff4	sw	-12(r30),r1
 1751  000023b0  8fc1fff4	lw	r1,-12(r30)
 1752  000023b4  08000004	j	L72_LF2
 1753  000023b8  54000000	nop; delay slot nop
 1754  000023bc          	L72_LF2:
 1755  000023bc  8fa20000	lw	r2,0(r29)
 1756  000023c0  8fdffff8	lw	r31,-8(r30)
 1757  000023c4  001ee820	add	r29,r0,r30
 1758  000023c8  8fdefffc	lw	r30,-4(r30)
 1759  000023cc  4be00000	jr	r31
 1760  000023d0  54000000	nop
 1761  000023d4          	.endproc _dstrtol
 1762  000023d4          	.align 2
 1763  000023d4          	.proc _bcopy
 1764  000023d4          	.global _bcopy
 1765  000023d4          	_bcopy:
 1766                      ;  Function 'bcopy'; 0 bytes of locals, 2 regs to save.
 1767  000023d4  afbefffc	sw	-4(r29),r30; push fp
 1768  000023d8  001df020	add	r30,r0,r29; fp = sp
 1769  000023dc  afbffff8	sw	-8(r29),r31; push ret addr
 1770  000023e0  2fbd0010	subui	r29,r29,#16; alloc local storage
 1771  000023e4  afa20000	sw	0(r29),r2
 1772  000023e8  afa30004	sw	4(r29),r3
 1773  000023ec  54000000	nop
 1774  000023f0          	L101_LF2:
 1775  000023f0  8fc10008	lw	r1,8(r30)
 1776  000023f4  2022ffff	addi	r2,r1,#-1
 1777  000023f8  afc20008	sw	8(r30),r2
 1778  000023fc  6c210000	sgti	r1,r1,#0
 1779  00002400  1420000c	bnez	r1,L103_LF2
 1780  00002404  54000000	nop; delay slot nop
 1781  00002408  0800002c	j	L102_LF2
 1782  0000240c  54000000	nop; delay slot nop
 1783  00002410          	L103_LF2:
 1784  00002410  8fc10004	lw	r1,4(r30)
 1785  00002414  20220001	addi	r2,r1,#1
 1786  00002418  afc20004	sw	4(r30),r2
 1787  0000241c  8fc20000	lw	r2,(r30)
 1788  00002420  20430001	addi	r3,r2,#1
 1789  00002424  afc30000	sw	(r30),r3
 1790  00002428  80420000	lb	r2,(r2)
 1791  0000242c  a0220000	sb	(r1),r2
 1792  00002430  0bffffbc	j	L101_LF2
 1793  00002434  54000000	nop; delay slot nop
 1794  00002438          	L102_LF2:
 1795  00002438          	L100_LF2:
 1796  00002438  8fa20000	lw	r2,0(r29)
 1797  0000243c  8fa30004	lw	r3,4(r29)
 1798  00002440  8fdffff8	lw	r31,-8(r30)
 1799  00002444  001ee820	add	r29,r0,r30
 1800  00002448  8fdefffc	lw	r30,-4(r30)
 1801  0000244c  4be00000	jr	r31
 1802  00002450  54000000	nop
 1803  00002454          	.endproc _bcopy
 1804  00002454          	.align 2
 1805  00002454          	.proc _bzero
 1806  00002454          	.global _bzero
 1807  00002454          	_bzero:
 1808                      ;  Function 'bzero'; 0 bytes of locals, 1 regs to save.
 1809  00002454  afbefffc	sw	-4(r29),r30; push fp
 1810  00002458  001df020	add	r30,r0,r29; fp = sp
 1811  0000245c  afbffff8	sw	-8(r29),r31; push ret addr
 1812  00002460  2fbd0010	subui	r29,r29,#16; alloc local storage
 1813  00002464  afa20000	sw	0(r29),r2
 1814  00002468  54000000	nop
 1815  0000246c          	L105_LF2:
 1816  0000246c  8fc10004	lw	r1,4(r30)
 1817  00002470  2022ffff	addi	r2,r1,#-1
 1818  00002474  afc20004	sw	4(r30),r2
 1819  00002478  6c210000	sgti	r1,r1,#0
 1820  0000247c  1420000c	bnez	r1,L107_LF2
 1821  00002480  54000000	nop; delay slot nop
 1822  00002484  08000020	j	L106_LF2
 1823  00002488  54000000	nop; delay slot nop
 1824  0000248c          	L107_LF2:
 1825  0000248c  8fc10000	lw	r1,(r30)
 1826  00002490  20220001	addi	r2,r1,#1
 1827  00002494  afc20000	sw	(r30),r2
 1828  00002498  20020000	addi	r2,r0,(#0x0)&0xff
 1829  0000249c  a0220000	sb	(r1),r2
 1830  000024a0  0bffffc8	j	L105_LF2
 1831  000024a4  54000000	nop; delay slot nop
 1832  000024a8          	L106_LF2:
 1833  000024a8          	L104_LF2:
 1834  000024a8  8fa20000	lw	r2,0(r29)
 1835  000024ac  8fdffff8	lw	r31,-8(r30)
 1836  000024b0  001ee820	add	r29,r0,r30
 1837  000024b4  8fdefffc	lw	r30,-4(r30)
 1838  000024b8  4be00000	jr	r31
 1839  000024bc  54000000	nop
 1840  000024c0          	.endproc _bzero
 1841  000024c0          	.align 2
 1842  000024c0          	.proc _min
 1843  000024c0          	.global _min
 1844  000024c0          	_min:
 1845                      ;  Function 'min'; 0 bytes of locals, 2 regs to save.
 1846  000024c0  afbefffc	sw	-4(r29),r30; push fp
 1847  000024c4  001df020	add	r30,r0,r29; fp = sp
 1848  000024c8  afbffff8	sw	-8(r29),r31; push ret addr
 1849  000024cc  2fbd0010	subui	r29,r29,#16; alloc local storage
 1850  000024d0  afa20000	sw	0(r29),r2
 1851  000024d4  afa30004	sw	4(r29),r3
 1852  000024d8  8fc10000	lw	r1,(r30)
 1853  000024dc  8fc20004	lw	r2,4(r30)
 1854  000024e0  0022182c	sle	r3,r1,r2
 1855  000024e4  14600008	bnez	r3,L109_LF2
 1856  000024e8  54000000	nop; delay slot nop
 1857  000024ec  8fc10004	lw	r1,4(r30)
 1858  000024f0          	L109_LF2:
 1859  000024f0  08000004	j	L108_LF2
 1860  000024f4  54000000	nop; delay slot nop
 1861  000024f8          	L108_LF2:
 1862  000024f8  8fa20000	lw	r2,0(r29)
 1863  000024fc  8fa30004	lw	r3,4(r29)
 1864  00002500  8fdffff8	lw	r31,-8(r30)
 1865  00002504  001ee820	add	r29,r0,r30
 1866  00002508  8fdefffc	lw	r30,-4(r30)
 1867  0000250c  4be00000	jr	r31
 1868  00002510  54000000	nop
 1869  00002514          	.endproc _min
 1870  00002514          	.align 2
 1871  00002514          	.proc _max
 1872  00002514          	.global _max
 1873  00002514          	_max:
 1874                      ;  Function 'max'; 0 bytes of locals, 2 regs to save.
 1875  00002514  afbefffc	sw	-4(r29),r30; push fp
 1876  00002518  001df020	add	r30,r0,r29; fp = sp
 1877  0000251c  afbffff8	sw	-8(r29),r31; push ret addr
 1878  00002520  2fbd0010	subui	r29,r29,#16; alloc local storage
 1879  00002524  afa20000	sw	0(r29),r2
 1880  00002528  afa30004	sw	4(r29),r3
 1881  0000252c  8fc10000	lw	r1,(r30)
 1882  00002530  8fc20004	lw	r2,4(r30)
 1883  00002534  0022182d	sge	r3,r1,r2
 1884  00002538  14600008	bnez	r3,L111_LF2
 1885  0000253c  54000000	nop; delay slot nop
 1886  00002540  8fc10004	lw	r1,4(r30)
 1887  00002544          	L111_LF2:
 1888  00002544  08000004	j	L110_LF2
 1889  00002548  54000000	nop; delay slot nop
 1890  0000254c          	L110_LF2:
 1891  0000254c  8fa20000	lw	r2,0(r29)
 1892  00002550  8fa30004	lw	r3,4(r29)
 1893  00002554  8fdffff8	lw	r31,-8(r30)
 1894  00002558  001ee820	add	r29,r0,r30
 1895  0000255c  8fdefffc	lw	r30,-4(r30)
 1896  00002560  4be00000	jr	r31
 1897  00002564  54000000	nop
 1898  00002568          	.endproc _max
 1899                      ;;; Ethan L. Miller, 1999.  Released to the public domain
 1900                      ;;;
 1901                      ;;; Most of the traps are called in files from libtraps.
 1904  00002568          	.align 2
 1905  00002568          	.proc _exit
 1906  00002568          	.global _exit
 1907  00002568          	_exit:
 1908  00002568  44000300	trap	#0x300
 1909  0000256c  4be00000	jr	r31
 1910  00002570  54000000	nop
 1911  00002574          	.endproc _exit
 1913                      ; for the benefit of gcc.
 1914  00002574          	.proc ___main
 1915  00002574          	.global ___main
 1916  00002574          	___main:
 1917  00002574  4be00000	jr	r31
 1918  00002578  54000000	nop
 1919  0000257c          	.endproc ___main
 1920  0000257c          	.text
 1921  0000257c          	.global _etext
 1922  0000257c          	_etext:
 1923  0000257c          	.align 3
 1924  00002580          	.data
 1925  00003528          	.global _edata
 1926  00003528          	_edata:
